2025-03-01 16:17:00,031 - INFO - 日志配置完成
2025-03-01 16:17:00,077 - INFO - 处理数据组 1，市场方向: up
2025-03-01 16:17:00,282 - INFO - 数据组 1 加载的数据集数量: 3
2025-03-01 16:17:00,308 - INFO - 标签数量: 3
2025-03-01 16:17:00,533 - INFO - feature_scores 形状: (3, 35)
2025-03-01 16:17:00,543 - INFO - 数据组 1 选择的特征: ['IntradayMomentumShiftAnalysis', 'IntradayPriceEfficiencyAnalysis', 'IntradayPriceRangeDistributionAnalysis', 'MarketParticipationBalanceAnalysis', 'PriceBounceStrengthAnalysis', 'PriceClusterAnalysis', 'PriceMomentumDivergenceAnalysis', 'PricePressureAnalysis', 'PricePullbackStrengthAnalysis', 'PriceStructureDensityAnalysis']
2025-03-01 16:17:00,629 - INFO - 数据组 1 评分结果: {'contract1': 11.996495660835711, 'contract2': 9.12756110453515, 'contract3': 13.301040889080634}
2025-03-01 16:17:00,645 - INFO - 数据组 1 交易建议: 做多 hc2505.csv（得分: 13.3010），做空 rb2505.csv（得分: 9.1276）
2025-03-01 16:17:00,645 - INFO - 处理数据组 2，市场方向: down
2025-03-01 16:17:00,704 - INFO - 数据组 2 加载的数据集数量: 3
2025-03-01 16:17:00,735 - INFO - 标签数量: 3
2025-03-01 16:17:01,028 - INFO - feature_scores 形状: (3, 35)
2025-03-01 16:17:01,041 - INFO - 数据组 2 选择的特征: ['IntradayMomentumShiftAnalysis', 'IntradayPriceEfficiencyAnalysis', 'IntradayPriceRangeDistributionAnalysis', 'MarketParticipationBalanceAnalysis', 'PriceBounceStrengthAnalysis', 'PriceClusterAnalysis', 'PriceMomentumDivergenceAnalysis', 'PricePressureAnalysis', 'PricePullbackStrengthAnalysis', 'PriceStructureDensityAnalysis']
2025-03-01 16:17:01,095 - INFO - 数据组 2 评分结果: {'contract1': 11.996495660835711, 'contract2': 9.12756110453515, 'contract3': 13.301040889080634}
2025-03-01 16:17:01,110 - INFO - 数据组 2 交易建议: 做空 rb2505.csv（得分: 9.1276），做多 hc2505.csv（得分: 13.3010）
2025-03-01 16:17:24,648 - INFO - 日志配置完成
2025-03-01 16:17:24,649 - INFO - 处理数据组 1，市场方向: up
2025-03-01 16:17:24,694 - INFO - 数据组 1 加载的数据集数量: 3
2025-03-01 16:17:24,710 - INFO - 标签数量: 3
2025-03-01 16:17:24,861 - INFO - feature_scores 形状: (3, 35)
2025-03-01 16:17:24,875 - INFO - 数据组 1 选择的特征: ['IntradayMomentumShiftAnalysis', 'IntradayPriceEfficiencyAnalysis', 'IntradayPriceRangeDistributionAnalysis', 'MarketParticipationBalanceAnalysis', 'PriceBounceStrengthAnalysis', 'PriceClusterAnalysis', 'PriceMomentumDivergenceAnalysis', 'PricePressureAnalysis', 'PricePullbackStrengthAnalysis', 'PriceStructureDensityAnalysis']
2025-03-01 16:17:24,935 - INFO - 数据组 1 评分结果: {'contract1': 11.996495660835711, 'contract2': 9.12756110453515, 'contract3': 13.301040889080634}
2025-03-01 16:17:24,942 - INFO - 数据组 1 交易建议: 做多 hc2505.csv（得分: 13.3010），做空 rb2505.csv（得分: 9.1276）
2025-03-01 16:17:24,943 - INFO - 处理数据组 2，市场方向: down
2025-03-01 16:17:24,980 - INFO - 数据组 2 加载的数据集数量: 3
2025-03-01 16:17:24,999 - INFO - 标签数量: 3
2025-03-01 16:17:25,147 - INFO - feature_scores 形状: (3, 35)
2025-03-01 16:17:25,156 - INFO - 数据组 2 选择的特征: ['IntradayMomentumShiftAnalysis', 'IntradayPriceEfficiencyAnalysis', 'IntradayPriceRangeDistributionAnalysis', 'MarketParticipationBalanceAnalysis', 'PriceBounceStrengthAnalysis', 'PriceClusterAnalysis', 'PriceMomentumDivergenceAnalysis', 'PricePressureAnalysis', 'PricePullbackStrengthAnalysis', 'PriceStructureDensityAnalysis']
2025-03-01 16:17:25,221 - INFO - 数据组 2 评分结果: {'contract1': 11.996495660835711, 'contract2': 9.12756110453515, 'contract3': 13.301040889080634}
2025-03-01 16:17:25,229 - INFO - 数据组 2 交易建议: 做空 rb2505.csv（得分: 9.1276），做多 hc2505.csv（得分: 13.3010）
