2025-03-01 21:28:32,441 - INFO - 日志配置完成
2025-03-01 21:28:32,442 - INFO - 开始运行 Rules 方法
2025-03-01 21:28:32,443 - INFO - 处理第 1 组数据: ['rb2510.csv', 'rb2505.csv', 'hc2505.csv']
2025-03-01 21:28:32,532 - INFO - 数据加载完成，时间对齐至重叠期
2025-03-01 21:36:38,360 - INFO - 日志配置完成
2025-03-01 21:36:38,366 - INFO - 开始运行 Rules 方法
2025-03-01 21:36:38,367 - INFO - 处理第 1 组数据: ['rb2510.csv', 'rb2505.csv', 'hc2505.csv']
2025-03-01 21:36:38,509 - INFO - 数据加载完成，时间对齐至重叠期
2025-03-01 21:51:20,998 - INFO - 日志配置完成
2025-03-01 21:51:20,999 - INFO - 开始运行 Rules 方法
2025-03-01 21:51:21,003 - INFO - 处理第 1 组数据: ['rb2510.csv', 'rb2505.csv', 'hc2505.csv']
2025-03-01 21:51:21,069 - INFO - 数据加载完成，时间对齐至重叠期
2025-03-01 21:51:21,152 - INFO - 规则筛选完成，选出 10 个规则: ['PositionTrendRule', 'VolumeIncreaseRule', 'BreakoutMARule', 'MACDGoldenCrossRule', 'MACDPositiveAndAboveSignalRule', 'PriceAboveBollingerUpperRule', 'PriceBreakoutHighRule', 'RSIAbove50Rule', 'TrendReversalRule', 'UptrendRule']
2025-03-01 21:55:53,089 - INFO - 日志配置完成
2025-03-01 21:55:53,090 - INFO - 开始运行 Rules 方法
2025-03-01 21:55:53,091 - INFO - 处理第 1 组数据: ['rb2510.csv', 'rb2505.csv', 'hc2505.csv']
2025-03-01 21:55:53,149 - INFO - 数据加载完成，时间对齐至重叠期
2025-03-01 21:55:53,223 - INFO - 规则筛选完成，选出 10 个规则: ['PositionTrendRule', 'VolumeIncreaseRule', 'BreakoutMARule', 'MACDGoldenCrossRule', 'MACDPositiveAndAboveSignalRule', 'PriceAboveBollingerUpperRule', 'PriceBreakoutHighRule', 'RSIAbove50Rule', 'TrendReversalRule', 'UptrendRule']
2025-03-01 22:01:15,530 - INFO - 日志配置完成
2025-03-01 22:01:15,531 - INFO - 开始运行 Rules 方法
2025-03-01 22:01:15,532 - INFO - 处理第 1 组数据: ['rb2510.csv', 'rb2505.csv', 'hc2505.csv']
2025-03-01 22:01:15,581 - INFO - 数据加载完成，时间对齐至重叠期
2025-03-01 22:01:15,664 - INFO - 规则筛选完成，选出 10 个规则: ['PositionTrendRule', 'VolumeIncreaseRule', 'BreakoutMARule', 'MACDGoldenCrossRule', 'MACDPositiveAndAboveSignalRule', 'PriceAboveBollingerUpperRule', 'PriceBreakoutHighRule', 'RSIAbove50Rule', 'TrendReversalRule', 'UptrendRule']
2025-03-01 22:01:15,722 - INFO - 动态调整权重: {'BreakoutMARule': 1.0, 'VolumeIncreaseRule': 0.8, 'PositionTrendRule': 0.7, 'VolatilityExpansionRule': 0.6, 'UptrendRule': 1.5, 'RSIAbove50Rule': 1.2, 'MACDPositiveAndAboveSignalRule': 1.5, 'PriceAboveBollingerUpperRule': 1.0, 'TrendReversalRule': 1.2, 'VolumeSpikeRule': 0.9, 'PriceBreakoutHighRule': 1.0, 'MACDGoldenCrossRule': 1.3, 'VolatilityContractionRule': 0.8}
2025-03-01 22:01:15,738 - INFO - contract1 强弱评估完成，得分: 0.24
推理过程：
- PositionTrendRule: 持仓量变化率 62.67%, 权重: 0.7, 贡献: 0.70
- VolumeIncreaseRule: 成交量变化率 21.19%, 权重: 0.8, 贡献: 0.80
- BreakoutMARule: 价格 3407.00 > 均线+阈值 3377.15, 权重: 1.0, 贡献: 0.13 (依赖满足，增益 1.50x)
- MACDGoldenCrossRule: MACD 7.16 上穿信号线 2.87 (前值: 3.99, 1.79), 权重: 1.3, 贡献: 0.00
- MACDPositiveAndAboveSignalRule: MACD: 7.16, 信号线: 2.87, 权重: 1.5, 贡献: 1.50
- PriceAboveBollingerUpperRule: 价格 3407.00 <= 上轨 3436.49, 权重: 1.0, 贡献: 0.00
- PriceBreakoutHighRule: 价格 3407.00 <= 前高 3436.00, 权重: 1.0, 贡献: 0.00
- RSIAbove50Rule: RSI: 58.41 > 动态阈值 49.87, 权重: 1.2, 贡献: 0.10 (依赖满足，增益 0.50x)
- TrendReversalRule: 价格 3407.00 >= 均线 3376.70, RSI: 58.41 >= 30, 权重: 1.2, 贡献: 0.00
- UptrendRule: 5日均线 3378.00, 20日均线 3376.70, 50日均线 3355.14, 权重: 1.5, 贡献: 0.01 (依赖满足，增益 1.30x)
最终得分: 0.24
2025-03-01 22:01:15,757 - INFO - contract2 强弱评估完成，得分: 0.16
推理过程：
- PositionTrendRule: 持仓量变化率 7.06%, 权重: 0.7, 贡献: 0.49
- VolumeIncreaseRule: 成交量变化率 -22.09%, 权重: 0.8, 贡献: 0.00
- BreakoutMARule: 价格 3361.00 > 均线+阈值 3331.39, 权重: 1.0, 贡献: 0.13 (依赖满足，增益 1.50x)
- MACDGoldenCrossRule: MACD 2.98 上穿信号线 -1.26 (前值: -0.80, -2.32), 权重: 1.3, 贡献: 0.00
- MACDPositiveAndAboveSignalRule: MACD: 2.98, 信号线: -1.26, 权重: 1.5, 贡献: 1.50
- PriceAboveBollingerUpperRule: 价格 3361.00 <= 上轨 3404.21, 权重: 1.0, 贡献: 0.00
- PriceBreakoutHighRule: 价格 3361.00 <= 前高 3398.00, 权重: 1.0, 贡献: 0.00
- RSIAbove50Rule: RSI: 57.37 > 动态阈值 49.87, 权重: 1.2, 贡献: 0.09 (依赖满足，增益 0.50x)
- TrendReversalRule: 价格 3361.00 >= 均线 3330.95, RSI: 57.37 >= 30, 权重: 1.2, 贡献: 0.00
- UptrendRule: 5日均线 3327.40, 20日均线 3330.95, 50日均线 3314.94, 权重: 1.5, 贡献: 0.00
最终得分: 0.16
2025-03-01 22:01:15,779 - INFO - contract3 强弱评估完成，得分: 0.12
推理过程：
- PositionTrendRule: 持仓量变化率 -0.91%, 权重: 0.7, 贡献: 0.00
- VolumeIncreaseRule: 成交量变化率 -23.51%, 权重: 0.8, 贡献: 0.00
- BreakoutMARule: 价格 3470.00 > 均线+阈值 3441.06, 权重: 1.0, 贡献: 0.00
- MACDGoldenCrossRule: MACD 1.87 上穿信号线 -3.41 (前值: -1.69, -4.73), 权重: 1.3, 贡献: 0.00
- MACDPositiveAndAboveSignalRule: MACD: 1.87, 信号线: -3.41, 权重: 1.5, 贡献: 1.50
- PriceAboveBollingerUpperRule: 价格 3470.00 <= 上轨 3505.88, 权重: 1.0, 贡献: 0.00
- PriceBreakoutHighRule: 价格 3470.00 <= 前高 3500.00, 权重: 1.0, 贡献: 0.00
- RSIAbove50Rule: RSI: 56.79 > 动态阈值 49.87, 权重: 1.2, 贡献: 0.08 (依赖满足，增益 0.50x)
- TrendReversalRule: 价格 3470.00 >= 均线 3440.60, RSI: 56.79 >= 30, 权重: 1.2, 贡献: 0.00
- UptrendRule: 5日均线 3440.80, 20日均线 3440.60, 50日均线 3434.58, 权重: 1.5, 贡献: 0.00 (依赖满足，增益 1.30x)
最终得分: 0.12
2025-03-01 22:01:15,783 - INFO - 规则评估完成
2025-03-01 22:01:15,812 - INFO - 交易建议生成: 做多 rb2510（得分: 0.2402），做空 hc2505（得分: 0.1173）
2025-03-01 22:01:15,814 - INFO - 处理第 2 组数据: ['rb2505.csv', 'rb2510.csv', 'hc2505.csv']
2025-03-01 22:01:15,867 - INFO - 数据加载完成，时间对齐至重叠期
2025-03-01 22:01:15,940 - INFO - 规则筛选完成，选出 10 个规则: ['PositionTrendRule', 'VolumeIncreaseRule', 'BreakoutMARule', 'MACDGoldenCrossRule', 'MACDPositiveAndAboveSignalRule', 'PriceAboveBollingerUpperRule', 'PriceBreakoutHighRule', 'RSIAbove50Rule', 'TrendReversalRule', 'UptrendRule']
2025-03-01 22:01:15,992 - INFO - 动态调整权重: {'BreakoutMARule': 1.0, 'VolumeIncreaseRule': 0.8, 'PositionTrendRule': 0.7, 'VolatilityExpansionRule': 0.6, 'UptrendRule': 1.5, 'RSIAbove50Rule': 1.2, 'MACDPositiveAndAboveSignalRule': 1.5, 'PriceAboveBollingerUpperRule': 1.0, 'TrendReversalRule': 1.2, 'VolumeSpikeRule': 0.9, 'PriceBreakoutHighRule': 1.0, 'MACDGoldenCrossRule': 1.3, 'VolatilityContractionRule': 0.8}
2025-03-01 22:01:16,009 - INFO - contract1 强弱评估完成，得分: 0.16
推理过程：
- PositionTrendRule: 持仓量变化率 7.06%, 权重: 0.7, 贡献: 0.49
- VolumeIncreaseRule: 成交量变化率 -22.09%, 权重: 0.8, 贡献: 0.00
- BreakoutMARule: 价格 3361.00 > 均线+阈值 3331.40, 权重: 1.0, 贡献: 0.13 (依赖满足，增益 1.50x)
- MACDGoldenCrossRule: MACD 2.98 上穿信号线 -1.26 (前值: -0.80, -2.32), 权重: 1.3, 贡献: 0.00
- MACDPositiveAndAboveSignalRule: MACD: 2.98, 信号线: -1.26, 权重: 1.5, 贡献: 1.50
- PriceAboveBollingerUpperRule: 价格 3361.00 <= 上轨 3404.21, 权重: 1.0, 贡献: 0.00
- PriceBreakoutHighRule: 价格 3361.00 <= 前高 3398.00, 权重: 1.0, 贡献: 0.00
- RSIAbove50Rule: RSI: 57.37 > 动态阈值 49.87, 权重: 1.2, 贡献: 0.09 (依赖满足，增益 0.50x)
- TrendReversalRule: 价格 3361.00 >= 均线 3330.95, RSI: 57.37 >= 30, 权重: 1.2, 贡献: 0.00
- UptrendRule: 5日均线 3327.40, 20日均线 3330.95, 50日均线 3314.94, 权重: 1.5, 贡献: 0.00
最终得分: 0.16
2025-03-01 22:01:16,042 - INFO - contract2 强弱评估完成，得分: 0.24
推理过程：
- PositionTrendRule: 持仓量变化率 62.67%, 权重: 0.7, 贡献: 0.70
- VolumeIncreaseRule: 成交量变化率 21.19%, 权重: 0.8, 贡献: 0.80
- BreakoutMARule: 价格 3407.00 > 均线+阈值 3377.15, 权重: 1.0, 贡献: 0.13 (依赖满足，增益 1.50x)
- MACDGoldenCrossRule: MACD 7.16 上穿信号线 2.87 (前值: 3.99, 1.79), 权重: 1.3, 贡献: 0.00
- MACDPositiveAndAboveSignalRule: MACD: 7.16, 信号线: 2.87, 权重: 1.5, 贡献: 1.50
- PriceAboveBollingerUpperRule: 价格 3407.00 <= 上轨 3436.49, 权重: 1.0, 贡献: 0.00
- PriceBreakoutHighRule: 价格 3407.00 <= 前高 3436.00, 权重: 1.0, 贡献: 0.00
- RSIAbove50Rule: RSI: 58.41 > 动态阈值 49.87, 权重: 1.2, 贡献: 0.10 (依赖满足，增益 0.50x)
- TrendReversalRule: 价格 3407.00 >= 均线 3376.70, RSI: 58.41 >= 30, 权重: 1.2, 贡献: 0.00
- UptrendRule: 5日均线 3378.00, 20日均线 3376.70, 50日均线 3355.14, 权重: 1.5, 贡献: 0.01 (依赖满足，增益 1.30x)
最终得分: 0.24
2025-03-01 22:01:16,068 - INFO - contract3 强弱评估完成，得分: 0.12
推理过程：
- PositionTrendRule: 持仓量变化率 -0.91%, 权重: 0.7, 贡献: 0.00
- VolumeIncreaseRule: 成交量变化率 -23.51%, 权重: 0.8, 贡献: 0.00
- BreakoutMARule: 价格 3470.00 > 均线+阈值 3441.06, 权重: 1.0, 贡献: 0.00
- MACDGoldenCrossRule: MACD 1.87 上穿信号线 -3.41 (前值: -1.69, -4.73), 权重: 1.3, 贡献: 0.00
- MACDPositiveAndAboveSignalRule: MACD: 1.87, 信号线: -3.41, 权重: 1.5, 贡献: 1.50
- PriceAboveBollingerUpperRule: 价格 3470.00 <= 上轨 3505.88, 权重: 1.0, 贡献: 0.00
- PriceBreakoutHighRule: 价格 3470.00 <= 前高 3500.00, 权重: 1.0, 贡献: 0.00
- RSIAbove50Rule: RSI: 56.79 > 动态阈值 49.87, 权重: 1.2, 贡献: 0.08 (依赖满足，增益 0.50x)
- TrendReversalRule: 价格 3470.00 >= 均线 3440.60, RSI: 56.79 >= 30, 权重: 1.2, 贡献: 0.00
- UptrendRule: 5日均线 3440.80, 20日均线 3440.60, 50日均线 3434.58, 权重: 1.5, 贡献: 0.00 (依赖满足，增益 1.30x)
最终得分: 0.12
2025-03-01 22:01:16,073 - INFO - 规则评估完成
2025-03-01 22:01:16,096 - INFO - 交易建议生成: 做空 hc2505（得分: 0.1173），做多 rb2510（得分: 0.2402）
2025-03-01 22:01:16,097 - INFO - Rules 方法运行完成
2025-03-01 22:04:18,294 - INFO - 日志配置完成
2025-03-01 22:04:18,295 - INFO - 开始运行 Rules 方法
2025-03-01 22:04:18,295 - INFO - 处理第 1 组数据: ['rb2510.csv', 'rb2505.csv', 'hc2505.csv']
2025-03-01 22:04:18,347 - INFO - 数据加载完成，时间对齐至重叠期
2025-03-01 22:04:18,428 - INFO - 规则筛选完成，选出 10 个规则: ['PositionTrendRule', 'VolumeIncreaseRule', 'BreakoutMARule', 'MACDGoldenCrossRule', 'MACDPositiveAndAboveSignalRule', 'PriceAboveBollingerUpperRule', 'PriceBreakoutHighRule', 'RSIAbove50Rule', 'TrendReversalRule', 'UptrendRule']
2025-03-01 22:13:36,198 - INFO - 日志配置完成
2025-03-01 22:13:36,199 - INFO - 开始运行 Rules 方法
2025-03-01 22:13:36,200 - INFO - 处理第 1 组数据: ['rb2510.csv', 'rb2505.csv', 'hc2505.csv']
2025-03-01 22:13:36,249 - INFO - 数据加载完成，时间对齐至重叠期
2025-03-01 22:13:36,339 - INFO - 规则筛选完成，选出 10 个规则: ['PositionTrendRule', 'VolumeIncreaseRule', 'BreakoutMARule', 'MACDGoldenCrossRule', 'MACDPositiveAndAboveSignalRule', 'PriceAboveBollingerUpperRule', 'PriceBreakoutHighRule', 'RSIAbove50Rule', 'TrendReversalRule', 'UptrendRule']
2025-03-01 22:17:55,572 - INFO - 日志配置完成
2025-03-01 22:17:55,573 - INFO - 开始运行 Rules 方法
2025-03-01 22:17:55,574 - INFO - 处理第 1 组数据: ['rb2510.csv', 'rb2505.csv', 'hc2505.csv']
2025-03-01 22:17:55,639 - INFO - 数据加载完成，时间对齐至重叠期
2025-03-01 22:17:55,723 - INFO - 规则筛选完成，选出 10 个规则: ['PositionTrendRule', 'VolumeIncreaseRule', 'BreakoutMARule', 'MACDGoldenCrossRule', 'MACDPositiveAndAboveSignalRule', 'PriceAboveBollingerUpperRule', 'PriceBreakoutHighRule', 'RSIAbove50Rule', 'TrendReversalRule', 'UptrendRule']
2025-03-01 22:21:41,448 - INFO - 日志配置完成
2025-03-01 22:21:41,449 - INFO - 开始运行 Rules 方法
2025-03-01 22:21:41,451 - INFO - 处理第 1 组数据: ['rb2510.csv', 'rb2505.csv', 'hc2505.csv']
2025-03-01 22:21:41,504 - INFO - 数据加载完成，时间对齐至重叠期
2025-03-01 22:21:41,585 - INFO - 规则筛选完成，选出 10 个规则: ['PositionTrendRule', 'VolumeIncreaseRule', 'BreakoutMARule', 'MACDGoldenCrossRule', 'MACDPositiveAndAboveSignalRule', 'PriceAboveBollingerUpperRule', 'PriceBreakoutHighRule', 'RSIAbove50Rule', 'TrendReversalRule', 'UptrendRule']
2025-03-01 22:26:37,662 - INFO - 日志配置完成
2025-03-01 22:26:37,663 - INFO - 开始运行 Rules 方法
2025-03-01 22:26:37,664 - INFO - 处理第 1 组数据: ['rb2510.csv', 'rb2505.csv', 'hc2505.csv']
2025-03-01 22:26:37,739 - INFO - 数据加载完成，时间对齐至重叠期
2025-03-01 22:26:37,898 - INFO - 规则筛选完成，选出 10 个规则: ['PositionTrendRule', 'VolumeIncreaseRule', 'BreakoutMARule', 'MACDGoldenCrossRule', 'MACDPositiveAndAboveSignalRule', 'PriceAboveBollingerUpperRule', 'PriceBreakoutHighRule', 'RSIAbove50Rule', 'TrendReversalRule', 'UptrendRule']
2025-03-01 22:26:38,073 - INFO - 动态调整权重: {'PositionTrendRule': 1.3333333333333333, 'VolumeIncreaseRule': 2.0, 'BreakoutMARule': 0.6666666666666666, 'MACDGoldenCrossRule': 1.3333333333333333, 'MACDPositiveAndAboveSignalRule': 0.6666666666666666, 'PriceAboveBollingerUpperRule': 1.3333333333333333, 'PriceBreakoutHighRule': 1.3333333333333333, 'RSIAbove50Rule': 0.6666666666666666, 'TrendReversalRule': 1.3333333333333333, 'UptrendRule': 1.3333333333333333}
2025-03-01 22:26:38,095 - INFO - contract1 强弱评估完成，得分: 0.35
推理过程：
- PositionTrendRule: 持仓量变化率 62.67%, 权重: 1.3333333333333333, 贡献: 1.33
- VolumeIncreaseRule: 成交量变化率 21.19%, 权重: 2.0, 贡献: 2.00
- BreakoutMARule: 价格 3407.00 > 均线+阈值 3377.15, 权重: 0.6666666666666666, 贡献: 0.09 (依赖满足，增益 1.50x)
- MACDGoldenCrossRule: MACD 7.16 上穿信号线 2.87 (前值: 3.99, 1.79), 权重: 1.3333333333333333, 贡献: 0.00
- MACDPositiveAndAboveSignalRule: MACD: 7.16, 信号线: 2.87, 权重: 0.6666666666666666, 贡献: 0.67
- PriceAboveBollingerUpperRule: 价格 3407.00 <= 上轨 3436.49, 权重: 1.3333333333333333, 贡献: 0.00
- PriceBreakoutHighRule: 价格 3407.00 <= 前高 3436.00, 权重: 1.3333333333333333, 贡献: 0.00
- RSIAbove50Rule: RSI: 58.41 > 动态阈值 49.87, 权重: 0.6666666666666666, 贡献: 0.06 (依赖满足，增益 0.50x)
- TrendReversalRule: 价格 3407.00 >= 均线 3376.70, RSI: 58.41 >= 30, 权重: 1.3333333333333333, 贡献: 0.00
- UptrendRule: 5日均线 3378.00, 20日均线 3376.70, 50日均线 3355.14, 权重: 1.3333333333333333, 贡献: 0.01 (依赖满足，增益 1.30x)
最终得分: 0.35
2025-03-01 22:26:38,122 - INFO - contract2 强弱评估完成，得分: 0.15
推理过程：
- PositionTrendRule: 持仓量变化率 7.06%, 权重: 1.3333333333333333, 贡献: 0.94
- VolumeIncreaseRule: 成交量变化率 -22.09%, 权重: 2.0, 贡献: 0.00
- BreakoutMARule: 价格 3361.00 > 均线+阈值 3331.39, 权重: 0.6666666666666666, 贡献: 0.09 (依赖满足，增益 1.50x)
- MACDGoldenCrossRule: MACD 2.98 上穿信号线 -1.26 (前值: -0.80, -2.32), 权重: 1.3333333333333333, 贡献: 0.00
- MACDPositiveAndAboveSignalRule: MACD: 2.98, 信号线: -1.26, 权重: 0.6666666666666666, 贡献: 0.67
- PriceAboveBollingerUpperRule: 价格 3361.00 <= 上轨 3404.21, 权重: 1.3333333333333333, 贡献: 0.00
- PriceBreakoutHighRule: 价格 3361.00 <= 前高 3398.00, 权重: 1.3333333333333333, 贡献: 0.00
- RSIAbove50Rule: RSI: 57.37 > 动态阈值 49.87, 权重: 0.6666666666666666, 贡献: 0.05 (依赖满足，增益 0.50x)
- TrendReversalRule: 价格 3361.00 >= 均线 3330.95, RSI: 57.37 >= 30, 权重: 1.3333333333333333, 贡献: 0.00
- UptrendRule: 5日均线 3327.40, 20日均线 3330.95, 50日均线 3314.94, 权重: 1.3333333333333333, 贡献: 0.00
最终得分: 0.15
2025-03-01 22:26:38,147 - INFO - contract3 强弱评估完成，得分: 0.06
推理过程：
- PositionTrendRule: 持仓量变化率 -0.91%, 权重: 1.3333333333333333, 贡献: 0.00
- VolumeIncreaseRule: 成交量变化率 -23.51%, 权重: 2.0, 贡献: 0.00
- BreakoutMARule: 价格 3470.00 > 均线+阈值 3441.06, 权重: 0.6666666666666666, 贡献: 0.00
- MACDGoldenCrossRule: MACD 1.87 上穿信号线 -3.41 (前值: -1.69, -4.73), 权重: 1.3333333333333333, 贡献: 0.00
- MACDPositiveAndAboveSignalRule: MACD: 1.87, 信号线: -3.41, 权重: 0.6666666666666666, 贡献: 0.67
- PriceAboveBollingerUpperRule: 价格 3470.00 <= 上轨 3505.88, 权重: 1.3333333333333333, 贡献: 0.00
- PriceBreakoutHighRule: 价格 3470.00 <= 前高 3500.00, 权重: 1.3333333333333333, 贡献: 0.00
- RSIAbove50Rule: RSI: 56.79 > 动态阈值 49.87, 权重: 0.6666666666666666, 贡献: 0.05 (依赖满足，增益 0.50x)
- TrendReversalRule: 价格 3470.00 >= 均线 3440.60, RSI: 56.79 >= 30, 权重: 1.3333333333333333, 贡献: 0.00
- UptrendRule: 5日均线 3440.80, 20日均线 3440.60, 50日均线 3434.58, 权重: 1.3333333333333333, 贡献: 0.00 (依赖满足，增益 1.30x)
最终得分: 0.06
2025-03-01 22:26:38,152 - INFO - 规则评估完成
2025-03-01 22:26:38,187 - INFO - 交易建议生成: 做多 rb2510（得分: 0.3460），做空 hc2505（得分: 0.0595）
2025-03-01 22:26:38,188 - INFO - 处理第 2 组数据: ['rb2505.csv', 'rb2510.csv', 'hc2505.csv']
2025-03-01 22:26:38,234 - INFO - 数据加载完成，时间对齐至重叠期
2025-03-01 22:26:38,332 - INFO - 规则筛选完成，选出 10 个规则: ['PositionTrendRule', 'VolumeIncreaseRule', 'BreakoutMARule', 'MACDGoldenCrossRule', 'MACDPositiveAndAboveSignalRule', 'PriceAboveBollingerUpperRule', 'PriceBreakoutHighRule', 'RSIAbove50Rule', 'TrendReversalRule', 'UptrendRule']
2025-03-01 22:26:38,471 - INFO - 动态调整权重: {'PositionTrendRule': 1.3333333333333333, 'VolumeIncreaseRule': 2.0, 'BreakoutMARule': 0.6666666666666666, 'MACDGoldenCrossRule': 1.3333333333333333, 'MACDPositiveAndAboveSignalRule': 0.6666666666666666, 'PriceAboveBollingerUpperRule': 1.3333333333333333, 'PriceBreakoutHighRule': 1.3333333333333333, 'RSIAbove50Rule': 0.6666666666666666, 'TrendReversalRule': 1.3333333333333333, 'UptrendRule': 1.3333333333333333}
2025-03-01 22:26:38,496 - INFO - contract1 强弱评估完成，得分: 0.15
推理过程：
- PositionTrendRule: 持仓量变化率 7.06%, 权重: 1.3333333333333333, 贡献: 0.94
- VolumeIncreaseRule: 成交量变化率 -22.09%, 权重: 2.0, 贡献: 0.00
- BreakoutMARule: 价格 3361.00 > 均线+阈值 3331.40, 权重: 0.6666666666666666, 贡献: 0.09 (依赖满足，增益 1.50x)
- MACDGoldenCrossRule: MACD 2.98 上穿信号线 -1.26 (前值: -0.80, -2.32), 权重: 1.3333333333333333, 贡献: 0.00
- MACDPositiveAndAboveSignalRule: MACD: 2.98, 信号线: -1.26, 权重: 0.6666666666666666, 贡献: 0.67
- PriceAboveBollingerUpperRule: 价格 3361.00 <= 上轨 3404.21, 权重: 1.3333333333333333, 贡献: 0.00
- PriceBreakoutHighRule: 价格 3361.00 <= 前高 3398.00, 权重: 1.3333333333333333, 贡献: 0.00
- RSIAbove50Rule: RSI: 57.37 > 动态阈值 49.87, 权重: 0.6666666666666666, 贡献: 0.05 (依赖满足，增益 0.50x)
- TrendReversalRule: 价格 3361.00 >= 均线 3330.95, RSI: 57.37 >= 30, 权重: 1.3333333333333333, 贡献: 0.00
- UptrendRule: 5日均线 3327.40, 20日均线 3330.95, 50日均线 3314.94, 权重: 1.3333333333333333, 贡献: 0.00
最终得分: 0.15
2025-03-01 22:26:38,527 - INFO - contract2 强弱评估完成，得分: 0.35
推理过程：
- PositionTrendRule: 持仓量变化率 62.67%, 权重: 1.3333333333333333, 贡献: 1.33
- VolumeIncreaseRule: 成交量变化率 21.19%, 权重: 2.0, 贡献: 2.00
- BreakoutMARule: 价格 3407.00 > 均线+阈值 3377.15, 权重: 0.6666666666666666, 贡献: 0.09 (依赖满足，增益 1.50x)
- MACDGoldenCrossRule: MACD 7.16 上穿信号线 2.87 (前值: 3.99, 1.79), 权重: 1.3333333333333333, 贡献: 0.00
- MACDPositiveAndAboveSignalRule: MACD: 7.16, 信号线: 2.87, 权重: 0.6666666666666666, 贡献: 0.67
- PriceAboveBollingerUpperRule: 价格 3407.00 <= 上轨 3436.49, 权重: 1.3333333333333333, 贡献: 0.00
- PriceBreakoutHighRule: 价格 3407.00 <= 前高 3436.00, 权重: 1.3333333333333333, 贡献: 0.00
- RSIAbove50Rule: RSI: 58.41 > 动态阈值 49.87, 权重: 0.6666666666666666, 贡献: 0.06 (依赖满足，增益 0.50x)
- TrendReversalRule: 价格 3407.00 >= 均线 3376.70, RSI: 58.41 >= 30, 权重: 1.3333333333333333, 贡献: 0.00
- UptrendRule: 5日均线 3378.00, 20日均线 3376.70, 50日均线 3355.14, 权重: 1.3333333333333333, 贡献: 0.01 (依赖满足，增益 1.30x)
最终得分: 0.35
2025-03-01 22:26:38,549 - INFO - contract3 强弱评估完成，得分: 0.06
推理过程：
- PositionTrendRule: 持仓量变化率 -0.91%, 权重: 1.3333333333333333, 贡献: 0.00
- VolumeIncreaseRule: 成交量变化率 -23.51%, 权重: 2.0, 贡献: 0.00
- BreakoutMARule: 价格 3470.00 > 均线+阈值 3441.06, 权重: 0.6666666666666666, 贡献: 0.00
- MACDGoldenCrossRule: MACD 1.87 上穿信号线 -3.41 (前值: -1.69, -4.73), 权重: 1.3333333333333333, 贡献: 0.00
- MACDPositiveAndAboveSignalRule: MACD: 1.87, 信号线: -3.41, 权重: 0.6666666666666666, 贡献: 0.67
- PriceAboveBollingerUpperRule: 价格 3470.00 <= 上轨 3505.88, 权重: 1.3333333333333333, 贡献: 0.00
- PriceBreakoutHighRule: 价格 3470.00 <= 前高 3500.00, 权重: 1.3333333333333333, 贡献: 0.00
- RSIAbove50Rule: RSI: 56.79 > 动态阈值 49.87, 权重: 0.6666666666666666, 贡献: 0.05 (依赖满足，增益 0.50x)
- TrendReversalRule: 价格 3470.00 >= 均线 3440.60, RSI: 56.79 >= 30, 权重: 1.3333333333333333, 贡献: 0.00
- UptrendRule: 5日均线 3440.80, 20日均线 3440.60, 50日均线 3434.58, 权重: 1.3333333333333333, 贡献: 0.00 (依赖满足，增益 1.30x)
最终得分: 0.06
2025-03-01 22:26:38,559 - INFO - 规则评估完成
2025-03-01 22:26:38,895 - INFO - 交易建议生成: 做空 hc2505（得分: 0.0595），做多 rb2510（得分: 0.3460）
2025-03-01 22:26:38,898 - INFO - Rules 方法运行完成
2025-03-01 22:38:40,812 - INFO - 日志配置完成
2025-03-01 22:38:40,813 - INFO - 开始运行 Rules 方法
2025-03-01 22:38:40,814 - INFO - 处理第 1 组数据: ['rb2510.csv', 'rb2505.csv', 'hc2505.csv']
2025-03-01 22:38:40,883 - INFO - 数据加载完成，时间对齐至重叠期
2025-03-01 22:38:40,970 - INFO - 规则筛选完成，选出 10 个规则: ['PositionTrendRule', 'VolumeIncreaseRule', 'BreakoutMARule', 'MACDGoldenCrossRule', 'MACDPositiveAndAboveSignalRule', 'PriceAboveBollingerUpperRule', 'PriceBreakoutHighRule', 'RSIAbove50Rule', 'TrendReversalRule', 'UptrendRule']
2025-03-01 22:38:41,171 - INFO - 动态调整权重: {'PositionTrendRule': 1.3333333333333333, 'VolumeIncreaseRule': 2.0, 'BreakoutMARule': 0.6666666666666666, 'MACDGoldenCrossRule': 1.3333333333333333, 'MACDPositiveAndAboveSignalRule': 0.6666666666666666, 'PriceAboveBollingerUpperRule': 1.3333333333333333, 'PriceBreakoutHighRule': 1.3333333333333333, 'RSIAbove50Rule': 0.6666666666666666, 'TrendReversalRule': 1.3333333333333333, 'UptrendRule': 1.3333333333333333}
2025-03-01 22:38:41,201 - INFO - contract1 强弱评估完成，得分: 0.35
推理过程：
- PositionTrendRule: 持仓量变化率 62.67%, 权重: 1.3333333333333333, 贡献: 1.33
- VolumeIncreaseRule: 成交量变化率 21.19%, 权重: 2.0, 贡献: 2.00
- BreakoutMARule: 价格 3407.00 > 均线+阈值 3377.15, 权重: 0.6666666666666666, 贡献: 0.09 (依赖满足，增益 1.50x)
- MACDGoldenCrossRule: MACD 7.16 上穿信号线 2.87 (前值: 3.99, 1.79), 权重: 1.3333333333333333, 贡献: 0.00
- MACDPositiveAndAboveSignalRule: MACD: 7.16, 信号线: 2.87, 权重: 0.6666666666666666, 贡献: 0.67
- PriceAboveBollingerUpperRule: 价格 3407.00 <= 上轨 3436.49, 权重: 1.3333333333333333, 贡献: 0.00
- PriceBreakoutHighRule: 价格 3407.00 <= 前高 3436.00, 权重: 1.3333333333333333, 贡献: 0.00
- RSIAbove50Rule: RSI: 58.41 > 动态阈值 49.87, 权重: 0.6666666666666666, 贡献: 0.06 (依赖满足，增益 0.50x)
- TrendReversalRule: 价格 3407.00 >= 均线 3376.70, RSI: 58.41 >= 30, 权重: 1.3333333333333333, 贡献: 0.00
- UptrendRule: 5日均线 3378.00, 20日均线 3376.70, 50日均线 3355.14, 权重: 1.3333333333333333, 贡献: 0.01 (依赖满足，增益 1.30x)
最终得分: 0.35
2025-03-01 22:38:41,229 - INFO - contract2 强弱评估完成，得分: 0.15
推理过程：
- PositionTrendRule: 持仓量变化率 7.06%, 权重: 1.3333333333333333, 贡献: 0.94
- VolumeIncreaseRule: 成交量变化率 -22.09%, 权重: 2.0, 贡献: 0.00
- BreakoutMARule: 价格 3361.00 > 均线+阈值 3331.39, 权重: 0.6666666666666666, 贡献: 0.09 (依赖满足，增益 1.50x)
- MACDGoldenCrossRule: MACD 2.98 上穿信号线 -1.26 (前值: -0.80, -2.32), 权重: 1.3333333333333333, 贡献: 0.00
- MACDPositiveAndAboveSignalRule: MACD: 2.98, 信号线: -1.26, 权重: 0.6666666666666666, 贡献: 0.67
- PriceAboveBollingerUpperRule: 价格 3361.00 <= 上轨 3404.21, 权重: 1.3333333333333333, 贡献: 0.00
- PriceBreakoutHighRule: 价格 3361.00 <= 前高 3398.00, 权重: 1.3333333333333333, 贡献: 0.00
- RSIAbove50Rule: RSI: 57.37 > 动态阈值 49.87, 权重: 0.6666666666666666, 贡献: 0.05 (依赖满足，增益 0.50x)
- TrendReversalRule: 价格 3361.00 >= 均线 3330.95, RSI: 57.37 >= 30, 权重: 1.3333333333333333, 贡献: 0.00
- UptrendRule: 5日均线 3327.40, 20日均线 3330.95, 50日均线 3314.94, 权重: 1.3333333333333333, 贡献: 0.00
最终得分: 0.15
2025-03-01 22:38:41,251 - INFO - contract3 强弱评估完成，得分: 0.06
推理过程：
- PositionTrendRule: 持仓量变化率 -0.91%, 权重: 1.3333333333333333, 贡献: 0.00
- VolumeIncreaseRule: 成交量变化率 -23.51%, 权重: 2.0, 贡献: 0.00
- BreakoutMARule: 价格 3470.00 > 均线+阈值 3441.06, 权重: 0.6666666666666666, 贡献: 0.00
- MACDGoldenCrossRule: MACD 1.87 上穿信号线 -3.41 (前值: -1.69, -4.73), 权重: 1.3333333333333333, 贡献: 0.00
- MACDPositiveAndAboveSignalRule: MACD: 1.87, 信号线: -3.41, 权重: 0.6666666666666666, 贡献: 0.67
- PriceAboveBollingerUpperRule: 价格 3470.00 <= 上轨 3505.88, 权重: 1.3333333333333333, 贡献: 0.00
- PriceBreakoutHighRule: 价格 3470.00 <= 前高 3500.00, 权重: 1.3333333333333333, 贡献: 0.00
- RSIAbove50Rule: RSI: 56.79 > 动态阈值 49.87, 权重: 0.6666666666666666, 贡献: 0.05 (依赖满足，增益 0.50x)
- TrendReversalRule: 价格 3470.00 >= 均线 3440.60, RSI: 56.79 >= 30, 权重: 1.3333333333333333, 贡献: 0.00
- UptrendRule: 5日均线 3440.80, 20日均线 3440.60, 50日均线 3434.58, 权重: 1.3333333333333333, 贡献: 0.00 (依赖满足，增益 1.30x)
最终得分: 0.06
2025-03-01 22:38:41,256 - INFO - 规则评估完成
2025-03-01 22:38:41,280 - INFO - 交易建议生成: 做多 rb2510（得分: 0.3460），做空 hc2505（得分: 0.0595）
2025-03-01 22:38:41,281 - INFO - 处理第 2 组数据: ['rb2505.csv', 'rb2510.csv', 'hc2505.csv']
2025-03-01 22:38:41,326 - INFO - 数据加载完成，时间对齐至重叠期
2025-03-01 22:38:41,409 - INFO - 规则筛选完成，选出 10 个规则: ['PositionTrendRule', 'VolumeIncreaseRule', 'BreakoutMARule', 'MACDGoldenCrossRule', 'MACDPositiveAndAboveSignalRule', 'PriceAboveBollingerUpperRule', 'PriceBreakoutHighRule', 'RSIAbove50Rule', 'TrendReversalRule', 'UptrendRule']
2025-03-01 22:38:41,549 - INFO - 动态调整权重: {'PositionTrendRule': 1.3333333333333333, 'VolumeIncreaseRule': 2.0, 'BreakoutMARule': 0.6666666666666666, 'MACDGoldenCrossRule': 1.3333333333333333, 'MACDPositiveAndAboveSignalRule': 0.6666666666666666, 'PriceAboveBollingerUpperRule': 1.3333333333333333, 'PriceBreakoutHighRule': 1.3333333333333333, 'RSIAbove50Rule': 0.6666666666666666, 'TrendReversalRule': 1.3333333333333333, 'UptrendRule': 1.3333333333333333}
2025-03-01 22:38:41,575 - INFO - contract1 强弱评估完成，得分: 0.15
推理过程：
- PositionTrendRule: 持仓量变化率 7.06%, 权重: 1.3333333333333333, 贡献: 0.94
- VolumeIncreaseRule: 成交量变化率 -22.09%, 权重: 2.0, 贡献: 0.00
- BreakoutMARule: 价格 3361.00 > 均线+阈值 3331.40, 权重: 0.6666666666666666, 贡献: 0.09 (依赖满足，增益 1.50x)
- MACDGoldenCrossRule: MACD 2.98 上穿信号线 -1.26 (前值: -0.80, -2.32), 权重: 1.3333333333333333, 贡献: 0.00
- MACDPositiveAndAboveSignalRule: MACD: 2.98, 信号线: -1.26, 权重: 0.6666666666666666, 贡献: 0.67
- PriceAboveBollingerUpperRule: 价格 3361.00 <= 上轨 3404.21, 权重: 1.3333333333333333, 贡献: 0.00
- PriceBreakoutHighRule: 价格 3361.00 <= 前高 3398.00, 权重: 1.3333333333333333, 贡献: 0.00
- RSIAbove50Rule: RSI: 57.37 > 动态阈值 49.87, 权重: 0.6666666666666666, 贡献: 0.05 (依赖满足，增益 0.50x)
- TrendReversalRule: 价格 3361.00 >= 均线 3330.95, RSI: 57.37 >= 30, 权重: 1.3333333333333333, 贡献: 0.00
- UptrendRule: 5日均线 3327.40, 20日均线 3330.95, 50日均线 3314.94, 权重: 1.3333333333333333, 贡献: 0.00
最终得分: 0.15
2025-03-01 22:38:41,599 - INFO - contract2 强弱评估完成，得分: 0.35
推理过程：
- PositionTrendRule: 持仓量变化率 62.67%, 权重: 1.3333333333333333, 贡献: 1.33
- VolumeIncreaseRule: 成交量变化率 21.19%, 权重: 2.0, 贡献: 2.00
- BreakoutMARule: 价格 3407.00 > 均线+阈值 3377.15, 权重: 0.6666666666666666, 贡献: 0.09 (依赖满足，增益 1.50x)
- MACDGoldenCrossRule: MACD 7.16 上穿信号线 2.87 (前值: 3.99, 1.79), 权重: 1.3333333333333333, 贡献: 0.00
- MACDPositiveAndAboveSignalRule: MACD: 7.16, 信号线: 2.87, 权重: 0.6666666666666666, 贡献: 0.67
- PriceAboveBollingerUpperRule: 价格 3407.00 <= 上轨 3436.49, 权重: 1.3333333333333333, 贡献: 0.00
- PriceBreakoutHighRule: 价格 3407.00 <= 前高 3436.00, 权重: 1.3333333333333333, 贡献: 0.00
- RSIAbove50Rule: RSI: 58.41 > 动态阈值 49.87, 权重: 0.6666666666666666, 贡献: 0.06 (依赖满足，增益 0.50x)
- TrendReversalRule: 价格 3407.00 >= 均线 3376.70, RSI: 58.41 >= 30, 权重: 1.3333333333333333, 贡献: 0.00
- UptrendRule: 5日均线 3378.00, 20日均线 3376.70, 50日均线 3355.14, 权重: 1.3333333333333333, 贡献: 0.01 (依赖满足，增益 1.30x)
最终得分: 0.35
2025-03-01 22:38:41,626 - INFO - contract3 强弱评估完成，得分: 0.06
推理过程：
- PositionTrendRule: 持仓量变化率 -0.91%, 权重: 1.3333333333333333, 贡献: 0.00
- VolumeIncreaseRule: 成交量变化率 -23.51%, 权重: 2.0, 贡献: 0.00
- BreakoutMARule: 价格 3470.00 > 均线+阈值 3441.06, 权重: 0.6666666666666666, 贡献: 0.00
- MACDGoldenCrossRule: MACD 1.87 上穿信号线 -3.41 (前值: -1.69, -4.73), 权重: 1.3333333333333333, 贡献: 0.00
- MACDPositiveAndAboveSignalRule: MACD: 1.87, 信号线: -3.41, 权重: 0.6666666666666666, 贡献: 0.67
- PriceAboveBollingerUpperRule: 价格 3470.00 <= 上轨 3505.88, 权重: 1.3333333333333333, 贡献: 0.00
- PriceBreakoutHighRule: 价格 3470.00 <= 前高 3500.00, 权重: 1.3333333333333333, 贡献: 0.00
- RSIAbove50Rule: RSI: 56.79 > 动态阈值 49.87, 权重: 0.6666666666666666, 贡献: 0.05 (依赖满足，增益 0.50x)
- TrendReversalRule: 价格 3470.00 >= 均线 3440.60, RSI: 56.79 >= 30, 权重: 1.3333333333333333, 贡献: 0.00
- UptrendRule: 5日均线 3440.80, 20日均线 3440.60, 50日均线 3434.58, 权重: 1.3333333333333333, 贡献: 0.00 (依赖满足，增益 1.30x)
最终得分: 0.06
2025-03-01 22:38:41,631 - INFO - 规则评估完成
2025-03-01 22:38:41,661 - INFO - 交易建议生成: 做空 hc2505（得分: 0.0595），做多 rb2510（得分: 0.3460）
2025-03-01 22:38:41,662 - INFO - Rules 方法运行完成
2025-03-01 22:39:54,643 - INFO - 日志配置完成
2025-03-01 22:39:54,644 - INFO - 开始运行 Rules 方法
2025-03-01 22:39:54,645 - INFO - 处理第 1 组数据: ['rb2510.csv', 'rb2505.csv', 'hc2505.csv']
2025-03-01 22:39:54,695 - INFO - 数据加载完成，时间对齐至重叠期
2025-03-01 22:39:54,778 - INFO - 规则筛选完成，选出 10 个规则: ['PositionTrendRule', 'VolumeIncreaseRule', 'BreakoutMARule', 'MACDGoldenCrossRule', 'MACDPositiveAndAboveSignalRule', 'PriceAboveBollingerUpperRule', 'PriceBreakoutHighRule', 'RSIAbove50Rule', 'TrendReversalRule', 'UptrendRule']
2025-03-01 22:39:54,941 - INFO - 动态调整权重: {'PositionTrendRule': 1.3333333333333333, 'VolumeIncreaseRule': 2.0, 'BreakoutMARule': 0.6666666666666666, 'MACDGoldenCrossRule': 1.3333333333333333, 'MACDPositiveAndAboveSignalRule': 0.6666666666666666, 'PriceAboveBollingerUpperRule': 1.3333333333333333, 'PriceBreakoutHighRule': 1.3333333333333333, 'RSIAbove50Rule': 0.6666666666666666, 'TrendReversalRule': 1.3333333333333333, 'UptrendRule': 1.3333333333333333}
2025-03-01 22:39:54,989 - INFO - contract1 强弱评估完成，得分: 0.35
推理过程：
- PositionTrendRule: 持仓量变化率 62.67%, 权重: 1.3333333333333333, 贡献: 1.33
- VolumeIncreaseRule: 成交量变化率 21.19%, 权重: 2.0, 贡献: 2.00
- BreakoutMARule: 价格 3407.00 > 均线+阈值 3377.15, 权重: 0.6666666666666666, 贡献: 0.09 (依赖满足，增益 1.50x)
- MACDGoldenCrossRule: MACD 7.16 上穿信号线 2.87 (前值: 3.99, 1.79), 权重: 1.3333333333333333, 贡献: 0.00
- MACDPositiveAndAboveSignalRule: MACD: 7.16, 信号线: 2.87, 权重: 0.6666666666666666, 贡献: 0.67
- PriceAboveBollingerUpperRule: 价格 3407.00 <= 上轨 3436.49, 权重: 1.3333333333333333, 贡献: 0.00
- PriceBreakoutHighRule: 价格 3407.00 <= 前高 3436.00, 权重: 1.3333333333333333, 贡献: 0.00
- RSIAbove50Rule: RSI: 58.41 > 动态阈值 49.87, 权重: 0.6666666666666666, 贡献: 0.06 (依赖满足，增益 0.50x)
- TrendReversalRule: 价格 3407.00 >= 均线 3376.70, RSI: 58.41 >= 30, 权重: 1.3333333333333333, 贡献: 0.00
- UptrendRule: 5日均线 3378.00, 20日均线 3376.70, 50日均线 3355.14, 权重: 1.3333333333333333, 贡献: 0.01 (依赖满足，增益 1.30x)
最终得分: 0.35
2025-03-01 22:39:55,040 - INFO - contract2 强弱评估完成，得分: 0.15
推理过程：
- PositionTrendRule: 持仓量变化率 7.06%, 权重: 1.3333333333333333, 贡献: 0.94
- VolumeIncreaseRule: 成交量变化率 -22.09%, 权重: 2.0, 贡献: 0.00
- BreakoutMARule: 价格 3361.00 > 均线+阈值 3331.39, 权重: 0.6666666666666666, 贡献: 0.09 (依赖满足，增益 1.50x)
- MACDGoldenCrossRule: MACD 2.98 上穿信号线 -1.26 (前值: -0.80, -2.32), 权重: 1.3333333333333333, 贡献: 0.00
- MACDPositiveAndAboveSignalRule: MACD: 2.98, 信号线: -1.26, 权重: 0.6666666666666666, 贡献: 0.67
- PriceAboveBollingerUpperRule: 价格 3361.00 <= 上轨 3404.21, 权重: 1.3333333333333333, 贡献: 0.00
- PriceBreakoutHighRule: 价格 3361.00 <= 前高 3398.00, 权重: 1.3333333333333333, 贡献: 0.00
- RSIAbove50Rule: RSI: 57.37 > 动态阈值 49.87, 权重: 0.6666666666666666, 贡献: 0.05 (依赖满足，增益 0.50x)
- TrendReversalRule: 价格 3361.00 >= 均线 3330.95, RSI: 57.37 >= 30, 权重: 1.3333333333333333, 贡献: 0.00
- UptrendRule: 5日均线 3327.40, 20日均线 3330.95, 50日均线 3314.94, 权重: 1.3333333333333333, 贡献: 0.00
最终得分: 0.15
2025-03-01 22:39:55,087 - INFO - contract3 强弱评估完成，得分: 0.06
推理过程：
- PositionTrendRule: 持仓量变化率 -0.91%, 权重: 1.3333333333333333, 贡献: 0.00
- VolumeIncreaseRule: 成交量变化率 -23.51%, 权重: 2.0, 贡献: 0.00
- BreakoutMARule: 价格 3470.00 > 均线+阈值 3441.06, 权重: 0.6666666666666666, 贡献: 0.00
- MACDGoldenCrossRule: MACD 1.87 上穿信号线 -3.41 (前值: -1.69, -4.73), 权重: 1.3333333333333333, 贡献: 0.00
- MACDPositiveAndAboveSignalRule: MACD: 1.87, 信号线: -3.41, 权重: 0.6666666666666666, 贡献: 0.67
- PriceAboveBollingerUpperRule: 价格 3470.00 <= 上轨 3505.88, 权重: 1.3333333333333333, 贡献: 0.00
- PriceBreakoutHighRule: 价格 3470.00 <= 前高 3500.00, 权重: 1.3333333333333333, 贡献: 0.00
- RSIAbove50Rule: RSI: 56.79 > 动态阈值 49.87, 权重: 0.6666666666666666, 贡献: 0.05 (依赖满足，增益 0.50x)
- TrendReversalRule: 价格 3470.00 >= 均线 3440.60, RSI: 56.79 >= 30, 权重: 1.3333333333333333, 贡献: 0.00
- UptrendRule: 5日均线 3440.80, 20日均线 3440.60, 50日均线 3434.58, 权重: 1.3333333333333333, 贡献: 0.00 (依赖满足，增益 1.30x)
最终得分: 0.06
2025-03-01 22:39:55,093 - INFO - 规则评估完成
2025-03-01 22:39:55,155 - INFO - 交易建议生成: 做多 rb2510（得分: 0.3460），做空 hc2505（得分: 0.0595）
2025-03-01 22:39:55,157 - INFO - 处理第 2 组数据: ['hc2510.csv', 'rb2510.csv', 'hc2505.csv']
2025-03-01 22:40:32,492 - INFO - 日志配置完成
2025-03-01 22:40:32,493 - INFO - 开始运行 Rules 方法
2025-03-01 22:40:32,494 - INFO - 处理第 1 组数据: ['rb2510.csv', 'rb2505.csv', 'hc2505.csv']
2025-03-01 22:40:32,545 - INFO - 数据加载完成，时间对齐至重叠期
2025-03-01 22:40:32,632 - INFO - 规则筛选完成，选出 10 个规则: ['PositionTrendRule', 'VolumeIncreaseRule', 'BreakoutMARule', 'MACDGoldenCrossRule', 'MACDPositiveAndAboveSignalRule', 'PriceAboveBollingerUpperRule', 'PriceBreakoutHighRule', 'RSIAbove50Rule', 'TrendReversalRule', 'UptrendRule']
2025-03-01 22:40:32,792 - INFO - 动态调整权重: {'PositionTrendRule': 1.3333333333333333, 'VolumeIncreaseRule': 2.0, 'BreakoutMARule': 0.6666666666666666, 'MACDGoldenCrossRule': 1.3333333333333333, 'MACDPositiveAndAboveSignalRule': 0.6666666666666666, 'PriceAboveBollingerUpperRule': 1.3333333333333333, 'PriceBreakoutHighRule': 1.3333333333333333, 'RSIAbove50Rule': 0.6666666666666666, 'TrendReversalRule': 1.3333333333333333, 'UptrendRule': 1.3333333333333333}
2025-03-01 22:40:32,821 - INFO - contract1 强弱评估完成，得分: 0.35
推理过程：
- PositionTrendRule: 持仓量变化率 62.67%, 权重: 1.3333333333333333, 贡献: 1.33
- VolumeIncreaseRule: 成交量变化率 21.19%, 权重: 2.0, 贡献: 2.00
- BreakoutMARule: 价格 3407.00 > 均线+阈值 3377.15, 权重: 0.6666666666666666, 贡献: 0.09 (依赖满足，增益 1.50x)
- MACDGoldenCrossRule: MACD 7.16 上穿信号线 2.87 (前值: 3.99, 1.79), 权重: 1.3333333333333333, 贡献: 0.00
- MACDPositiveAndAboveSignalRule: MACD: 7.16, 信号线: 2.87, 权重: 0.6666666666666666, 贡献: 0.67
- PriceAboveBollingerUpperRule: 价格 3407.00 <= 上轨 3436.49, 权重: 1.3333333333333333, 贡献: 0.00
- PriceBreakoutHighRule: 价格 3407.00 <= 前高 3436.00, 权重: 1.3333333333333333, 贡献: 0.00
- RSIAbove50Rule: RSI: 58.41 > 动态阈值 49.87, 权重: 0.6666666666666666, 贡献: 0.06 (依赖满足，增益 0.50x)
- TrendReversalRule: 价格 3407.00 >= 均线 3376.70, RSI: 58.41 >= 30, 权重: 1.3333333333333333, 贡献: 0.00
- UptrendRule: 5日均线 3378.00, 20日均线 3376.70, 50日均线 3355.14, 权重: 1.3333333333333333, 贡献: 0.01 (依赖满足，增益 1.30x)
最终得分: 0.35
2025-03-01 22:40:32,847 - INFO - contract2 强弱评估完成，得分: 0.15
推理过程：
- PositionTrendRule: 持仓量变化率 7.06%, 权重: 1.3333333333333333, 贡献: 0.94
- VolumeIncreaseRule: 成交量变化率 -22.09%, 权重: 2.0, 贡献: 0.00
- BreakoutMARule: 价格 3361.00 > 均线+阈值 3331.39, 权重: 0.6666666666666666, 贡献: 0.09 (依赖满足，增益 1.50x)
- MACDGoldenCrossRule: MACD 2.98 上穿信号线 -1.26 (前值: -0.80, -2.32), 权重: 1.3333333333333333, 贡献: 0.00
- MACDPositiveAndAboveSignalRule: MACD: 2.98, 信号线: -1.26, 权重: 0.6666666666666666, 贡献: 0.67
- PriceAboveBollingerUpperRule: 价格 3361.00 <= 上轨 3404.21, 权重: 1.3333333333333333, 贡献: 0.00
- PriceBreakoutHighRule: 价格 3361.00 <= 前高 3398.00, 权重: 1.3333333333333333, 贡献: 0.00
- RSIAbove50Rule: RSI: 57.37 > 动态阈值 49.87, 权重: 0.6666666666666666, 贡献: 0.05 (依赖满足，增益 0.50x)
- TrendReversalRule: 价格 3361.00 >= 均线 3330.95, RSI: 57.37 >= 30, 权重: 1.3333333333333333, 贡献: 0.00
- UptrendRule: 5日均线 3327.40, 20日均线 3330.95, 50日均线 3314.94, 权重: 1.3333333333333333, 贡献: 0.00
最终得分: 0.15
2025-03-01 22:40:32,876 - INFO - contract3 强弱评估完成，得分: 0.06
推理过程：
- PositionTrendRule: 持仓量变化率 -0.91%, 权重: 1.3333333333333333, 贡献: 0.00
- VolumeIncreaseRule: 成交量变化率 -23.51%, 权重: 2.0, 贡献: 0.00
- BreakoutMARule: 价格 3470.00 > 均线+阈值 3441.06, 权重: 0.6666666666666666, 贡献: 0.00
- MACDGoldenCrossRule: MACD 1.87 上穿信号线 -3.41 (前值: -1.69, -4.73), 权重: 1.3333333333333333, 贡献: 0.00
- MACDPositiveAndAboveSignalRule: MACD: 1.87, 信号线: -3.41, 权重: 0.6666666666666666, 贡献: 0.67
- PriceAboveBollingerUpperRule: 价格 3470.00 <= 上轨 3505.88, 权重: 1.3333333333333333, 贡献: 0.00
- PriceBreakoutHighRule: 价格 3470.00 <= 前高 3500.00, 权重: 1.3333333333333333, 贡献: 0.00
- RSIAbove50Rule: RSI: 56.79 > 动态阈值 49.87, 权重: 0.6666666666666666, 贡献: 0.05 (依赖满足，增益 0.50x)
- TrendReversalRule: 价格 3470.00 >= 均线 3440.60, RSI: 56.79 >= 30, 权重: 1.3333333333333333, 贡献: 0.00
- UptrendRule: 5日均线 3440.80, 20日均线 3440.60, 50日均线 3434.58, 权重: 1.3333333333333333, 贡献: 0.00 (依赖满足，增益 1.30x)
最终得分: 0.06
2025-03-01 22:40:32,880 - INFO - 规则评估完成
2025-03-01 22:40:32,913 - INFO - 交易建议生成: 做多 rb2510（得分: 0.3460），做空 hc2505（得分: 0.0595）
2025-03-01 22:40:32,914 - INFO - 处理第 2 组数据: ['rb2505.csv', 'rb2510.csv', 'hc2505.csv']
2025-03-01 22:40:32,978 - INFO - 数据加载完成，时间对齐至重叠期
2025-03-01 22:40:33,131 - INFO - 规则筛选完成，选出 10 个规则: ['PositionTrendRule', 'VolumeIncreaseRule', 'BreakoutMARule', 'MACDGoldenCrossRule', 'MACDPositiveAndAboveSignalRule', 'PriceAboveBollingerUpperRule', 'PriceBreakoutHighRule', 'RSIAbove50Rule', 'TrendReversalRule', 'UptrendRule']
2025-03-01 22:40:33,327 - INFO - 动态调整权重: {'PositionTrendRule': 1.3333333333333333, 'VolumeIncreaseRule': 2.0, 'BreakoutMARule': 0.6666666666666666, 'MACDGoldenCrossRule': 1.3333333333333333, 'MACDPositiveAndAboveSignalRule': 0.6666666666666666, 'PriceAboveBollingerUpperRule': 1.3333333333333333, 'PriceBreakoutHighRule': 1.3333333333333333, 'RSIAbove50Rule': 0.6666666666666666, 'TrendReversalRule': 1.3333333333333333, 'UptrendRule': 1.3333333333333333}
2025-03-01 22:40:33,357 - INFO - contract1 强弱评估完成，得分: 0.15
推理过程：
- PositionTrendRule: 持仓量变化率 7.06%, 权重: 1.3333333333333333, 贡献: 0.94
- VolumeIncreaseRule: 成交量变化率 -22.09%, 权重: 2.0, 贡献: 0.00
- BreakoutMARule: 价格 3361.00 > 均线+阈值 3331.40, 权重: 0.6666666666666666, 贡献: 0.09 (依赖满足，增益 1.50x)
- MACDGoldenCrossRule: MACD 2.98 上穿信号线 -1.26 (前值: -0.80, -2.32), 权重: 1.3333333333333333, 贡献: 0.00
- MACDPositiveAndAboveSignalRule: MACD: 2.98, 信号线: -1.26, 权重: 0.6666666666666666, 贡献: 0.67
- PriceAboveBollingerUpperRule: 价格 3361.00 <= 上轨 3404.21, 权重: 1.3333333333333333, 贡献: 0.00
- PriceBreakoutHighRule: 价格 3361.00 <= 前高 3398.00, 权重: 1.3333333333333333, 贡献: 0.00
- RSIAbove50Rule: RSI: 57.37 > 动态阈值 49.87, 权重: 0.6666666666666666, 贡献: 0.05 (依赖满足，增益 0.50x)
- TrendReversalRule: 价格 3361.00 >= 均线 3330.95, RSI: 57.37 >= 30, 权重: 1.3333333333333333, 贡献: 0.00
- UptrendRule: 5日均线 3327.40, 20日均线 3330.95, 50日均线 3314.94, 权重: 1.3333333333333333, 贡献: 0.00
最终得分: 0.15
2025-03-01 22:40:33,387 - INFO - contract2 强弱评估完成，得分: 0.35
推理过程：
- PositionTrendRule: 持仓量变化率 62.67%, 权重: 1.3333333333333333, 贡献: 1.33
- VolumeIncreaseRule: 成交量变化率 21.19%, 权重: 2.0, 贡献: 2.00
- BreakoutMARule: 价格 3407.00 > 均线+阈值 3377.15, 权重: 0.6666666666666666, 贡献: 0.09 (依赖满足，增益 1.50x)
- MACDGoldenCrossRule: MACD 7.16 上穿信号线 2.87 (前值: 3.99, 1.79), 权重: 1.3333333333333333, 贡献: 0.00
- MACDPositiveAndAboveSignalRule: MACD: 7.16, 信号线: 2.87, 权重: 0.6666666666666666, 贡献: 0.67
- PriceAboveBollingerUpperRule: 价格 3407.00 <= 上轨 3436.49, 权重: 1.3333333333333333, 贡献: 0.00
- PriceBreakoutHighRule: 价格 3407.00 <= 前高 3436.00, 权重: 1.3333333333333333, 贡献: 0.00
- RSIAbove50Rule: RSI: 58.41 > 动态阈值 49.87, 权重: 0.6666666666666666, 贡献: 0.06 (依赖满足，增益 0.50x)
- TrendReversalRule: 价格 3407.00 >= 均线 3376.70, RSI: 58.41 >= 30, 权重: 1.3333333333333333, 贡献: 0.00
- UptrendRule: 5日均线 3378.00, 20日均线 3376.70, 50日均线 3355.14, 权重: 1.3333333333333333, 贡献: 0.01 (依赖满足，增益 1.30x)
最终得分: 0.35
2025-03-01 22:40:33,412 - INFO - contract3 强弱评估完成，得分: 0.06
推理过程：
- PositionTrendRule: 持仓量变化率 -0.91%, 权重: 1.3333333333333333, 贡献: 0.00
- VolumeIncreaseRule: 成交量变化率 -23.51%, 权重: 2.0, 贡献: 0.00
- BreakoutMARule: 价格 3470.00 > 均线+阈值 3441.06, 权重: 0.6666666666666666, 贡献: 0.00
- MACDGoldenCrossRule: MACD 1.87 上穿信号线 -3.41 (前值: -1.69, -4.73), 权重: 1.3333333333333333, 贡献: 0.00
- MACDPositiveAndAboveSignalRule: MACD: 1.87, 信号线: -3.41, 权重: 0.6666666666666666, 贡献: 0.67
- PriceAboveBollingerUpperRule: 价格 3470.00 <= 上轨 3505.88, 权重: 1.3333333333333333, 贡献: 0.00
- PriceBreakoutHighRule: 价格 3470.00 <= 前高 3500.00, 权重: 1.3333333333333333, 贡献: 0.00
- RSIAbove50Rule: RSI: 56.79 > 动态阈值 49.87, 权重: 0.6666666666666666, 贡献: 0.05 (依赖满足，增益 0.50x)
- TrendReversalRule: 价格 3470.00 >= 均线 3440.60, RSI: 56.79 >= 30, 权重: 1.3333333333333333, 贡献: 0.00
- UptrendRule: 5日均线 3440.80, 20日均线 3440.60, 50日均线 3434.58, 权重: 1.3333333333333333, 贡献: 0.00 (依赖满足，增益 1.30x)
最终得分: 0.06
2025-03-01 22:40:33,417 - INFO - 规则评估完成
2025-03-01 22:40:33,450 - INFO - 交易建议生成: 做空 hc2505（得分: 0.0595），做多 rb2510（得分: 0.3460）
2025-03-01 22:40:33,456 - INFO - Rules 方法运行完成
2025-03-01 22:41:16,068 - INFO - 日志配置完成
2025-03-01 22:41:16,068 - INFO - 开始运行 Rules 方法
2025-03-01 22:41:16,069 - INFO - 处理第 1 组数据: ['rb2510.csv', 'rb2505.csv', 'hc2505.csv']
2025-03-01 22:41:16,117 - INFO - 数据加载完成，时间对齐至重叠期
2025-03-01 22:41:16,135 - INFO - 规则筛选完成，选出 4 个规则: ['BreakoutMARule', 'VolumeIncreaseRule', 'PositionTrendRule', 'UptrendRule']
2025-03-01 22:41:16,247 - INFO - 动态调整权重: {'BreakoutMARule': 0.6666666666666666, 'VolumeIncreaseRule': 2.0, 'PositionTrendRule': 1.3333333333333333, 'UptrendRule': 1.3333333333333333}
2025-03-01 22:41:16,251 - INFO - contract1 强弱评估完成，得分: 0.64
推理过程：
- BreakoutMARule: 价格 3407.00 > 均线+阈值 3377.15, 权重: 0.6666666666666666, 贡献: 0.09 (依赖满足，增益 1.50x)
- VolumeIncreaseRule: 成交量变化率 21.19%, 权重: 2.0, 贡献: 2.00
- PositionTrendRule: 持仓量变化率 62.67%, 权重: 1.3333333333333333, 贡献: 1.33
- UptrendRule: 5日均线 3378.00, 20日均线 3376.70, 50日均线 3355.14, 权重: 1.3333333333333333, 贡献: 0.01 (依赖满足，增益 1.30x)
最终得分: 0.64
2025-03-01 22:41:16,256 - INFO - contract2 强弱评估完成，得分: 0.19
推理过程：
- BreakoutMARule: 价格 3361.00 > 均线+阈值 3331.39, 权重: 0.6666666666666666, 贡献: 0.09 (依赖满足，增益 1.50x)
- VolumeIncreaseRule: 成交量变化率 -22.09%, 权重: 2.0, 贡献: 0.00
- PositionTrendRule: 持仓量变化率 7.06%, 权重: 1.3333333333333333, 贡献: 0.94
- UptrendRule: 5日均线 3327.40, 20日均线 3330.95, 50日均线 3314.94, 权重: 1.3333333333333333, 贡献: 0.00
最终得分: 0.19
2025-03-01 22:41:16,266 - INFO - contract3 强弱评估完成，得分: 0.00
推理过程：
- BreakoutMARule: 价格 3470.00 > 均线+阈值 3441.06, 权重: 0.6666666666666666, 贡献: 0.00
- VolumeIncreaseRule: 成交量变化率 -23.51%, 权重: 2.0, 贡献: 0.00
- PositionTrendRule: 持仓量变化率 -0.91%, 权重: 1.3333333333333333, 贡献: 0.00
- UptrendRule: 5日均线 3440.80, 20日均线 3440.60, 50日均线 3434.58, 权重: 1.3333333333333333, 贡献: 0.00 (依赖满足，增益 1.30x)
最终得分: 0.00
2025-03-01 22:41:16,269 - INFO - 规则评估完成
2025-03-01 22:41:16,294 - INFO - 交易建议生成: 做多 rb2510（得分: 0.6428），做空 hc2505（得分: 0.0002）
2025-03-01 22:41:16,296 - INFO - 处理第 2 组数据: ['rb2505.csv', 'rb2510.csv', 'hc2505.csv']
2025-03-01 22:41:16,335 - INFO - 数据加载完成，时间对齐至重叠期
2025-03-01 22:41:16,349 - INFO - 规则筛选完成，选出 4 个规则: ['BreakoutMARule', 'VolumeIncreaseRule', 'PositionTrendRule', 'UptrendRule']
2025-03-01 22:41:16,464 - INFO - 动态调整权重: {'BreakoutMARule': 0.6666666666666666, 'VolumeIncreaseRule': 2.0, 'PositionTrendRule': 1.3333333333333333, 'UptrendRule': 1.3333333333333333}
2025-03-01 22:41:16,473 - INFO - contract1 强弱评估完成，得分: 0.19
推理过程：
- BreakoutMARule: 价格 3361.00 > 均线+阈值 3331.40, 权重: 0.6666666666666666, 贡献: 0.09 (依赖满足，增益 1.50x)
- VolumeIncreaseRule: 成交量变化率 -22.09%, 权重: 2.0, 贡献: 0.00
- PositionTrendRule: 持仓量变化率 7.06%, 权重: 1.3333333333333333, 贡献: 0.94
- UptrendRule: 5日均线 3327.40, 20日均线 3330.95, 50日均线 3314.94, 权重: 1.3333333333333333, 贡献: 0.00
最终得分: 0.19
2025-03-01 22:41:16,485 - INFO - contract2 强弱评估完成，得分: 0.64
推理过程：
- BreakoutMARule: 价格 3407.00 > 均线+阈值 3377.15, 权重: 0.6666666666666666, 贡献: 0.09 (依赖满足，增益 1.50x)
- VolumeIncreaseRule: 成交量变化率 21.19%, 权重: 2.0, 贡献: 2.00
- PositionTrendRule: 持仓量变化率 62.67%, 权重: 1.3333333333333333, 贡献: 1.33
- UptrendRule: 5日均线 3378.00, 20日均线 3376.70, 50日均线 3355.14, 权重: 1.3333333333333333, 贡献: 0.01 (依赖满足，增益 1.30x)
最终得分: 0.64
2025-03-01 22:41:16,492 - INFO - contract3 强弱评估完成，得分: 0.00
推理过程：
- BreakoutMARule: 价格 3470.00 > 均线+阈值 3441.06, 权重: 0.6666666666666666, 贡献: 0.00
- VolumeIncreaseRule: 成交量变化率 -23.51%, 权重: 2.0, 贡献: 0.00
- PositionTrendRule: 持仓量变化率 -0.91%, 权重: 1.3333333333333333, 贡献: 0.00
- UptrendRule: 5日均线 3440.80, 20日均线 3440.60, 50日均线 3434.58, 权重: 1.3333333333333333, 贡献: 0.00 (依赖满足，增益 1.30x)
最终得分: 0.00
2025-03-01 22:41:16,498 - INFO - 规则评估完成
2025-03-01 22:41:16,541 - INFO - 交易建议生成: 做空 hc2505（得分: 0.0002），做多 rb2510（得分: 0.6428）
2025-03-01 22:41:16,551 - INFO - Rules 方法运行完成
