2025-03-01 23:26:37,460 - INFO - 日志配置完成
2025-03-01 23:26:37,461 - INFO - 开始运行 Stats 方法
2025-03-01 23:26:37,462 - INFO - 处理第 1 组数据: ['rb2510.csv', 'rb2505.csv', 'hc2505.csv']
2025-03-01 23:26:37,531 - INFO - 数据加载完成，时间对齐至重叠期
2025-03-01 23:26:37,556 - INFO - 统计指标筛选完成，选出 3 个指标: ['MeanReturn', 'Volatility', 'SharpeRatio']
2025-03-01 23:26:37,651 - INFO - 应用市场状态: LowVolatilityCondition
2025-03-01 23:26:37,653 - INFO - 动态调整权重: {'MeanReturn': 1.5, 'Volatility': 1.0, 'SharpeRatio': 1.44, 'MaxDrawdown': 1.0, 'Skewness': 0.8, 'Kurtosis': 0.7, 'QuantileRange': 1.1700000000000002}
2025-03-01 23:26:37,666 - INFO - contract1 评估完成，得分: -0.0097
统计指标分析：
- MeanReturn: -0.0004, 权重: 1.5, 加权值: -0.0007
- Volatility: 0.0100, 权重: 1.0, 加权值: -0.0100
- SharpeRatio: -0.0438, 权重: 1.44, 加权值: -0.0631
综合得分: -0.0097
2025-03-01 23:26:37,679 - INFO - contract2 评估完成，得分: -0.0097
统计指标分析：
- MeanReturn: -0.0005, 权重: 1.5, 加权值: -0.0007
- Volatility: 0.0104, 权重: 1.0, 加权值: -0.0104
- SharpeRatio: -0.0436, 权重: 1.44, 加权值: -0.0628
综合得分: -0.0097
2025-03-01 23:26:37,703 - INFO - contract3 评估完成，得分: -0.0102
统计指标分析：
- MeanReturn: -0.0005, 权重: 1.5, 加权值: -0.0007
- Volatility: 0.0097, 权重: 1.0, 加权值: -0.0097
- SharpeRatio: -0.0469, 权重: 1.44, 加权值: -0.0675
综合得分: -0.0102
2025-03-01 23:26:37,709 - INFO - 统计评估完成，最强合约: contract1, 最弱合约: contract3
2025-03-01 23:26:37,761 - INFO - 交易建议生成: 做多 rb2510（得分: -0.0097），做空 hc2505（得分: -0.0102）
2025-03-01 23:26:37,764 - INFO - 处理第 2 组数据: ['rb2505.csv', 'rb2510.csv', 'hc2505.csv']
2025-03-01 23:26:37,859 - INFO - 数据加载完成，时间对齐至重叠期
2025-03-01 23:26:37,878 - INFO - 统计指标筛选完成，选出 3 个指标: ['MeanReturn', 'Volatility', 'SharpeRatio']
2025-03-01 23:26:38,003 - INFO - 应用市场状态: LowVolatilityCondition
2025-03-01 23:26:38,007 - INFO - 动态调整权重: {'MeanReturn': 1.5, 'Volatility': 1.0, 'SharpeRatio': 1.44, 'MaxDrawdown': 1.0, 'Skewness': 0.8, 'Kurtosis': 0.7, 'QuantileRange': 1.1700000000000002}
2025-03-01 23:26:38,020 - INFO - contract1 评估完成，得分: -0.0097
统计指标分析：
- MeanReturn: -0.0005, 权重: 1.5, 加权值: -0.0007
- Volatility: 0.0104, 权重: 1.0, 加权值: -0.0104
- SharpeRatio: -0.0436, 权重: 1.44, 加权值: -0.0628
综合得分: -0.0097
2025-03-01 23:26:38,069 - INFO - contract2 评估完成，得分: -0.0097
统计指标分析：
- MeanReturn: -0.0004, 权重: 1.5, 加权值: -0.0007
- Volatility: 0.0100, 权重: 1.0, 加权值: -0.0100
- SharpeRatio: -0.0438, 权重: 1.44, 加权值: -0.0631
综合得分: -0.0097
2025-03-01 23:26:38,087 - INFO - contract3 评估完成，得分: -0.0102
统计指标分析：
- MeanReturn: -0.0005, 权重: 1.5, 加权值: -0.0007
- Volatility: 0.0097, 权重: 1.0, 加权值: -0.0097
- SharpeRatio: -0.0469, 权重: 1.44, 加权值: -0.0675
综合得分: -0.0102
2025-03-01 23:26:38,092 - INFO - 统计评估完成，最强合约: contract2, 最弱合约: contract3
2025-03-01 23:26:38,153 - INFO - 交易建议生成: 做空 hc2505（得分: -0.0102），做多 rb2510（得分: -0.0097）
2025-03-01 23:26:38,154 - INFO - Stats 方法运行完成
2025-03-01 23:28:04,464 - INFO - 日志配置完成
2025-03-01 23:28:04,465 - INFO - 开始运行 Stats 方法
2025-03-01 23:28:04,467 - INFO - 处理第 1 组数据: ['rb2510.csv', 'rb2505.csv', 'hc2505.csv']
2025-03-01 23:28:04,513 - INFO - 数据加载完成，时间对齐至重叠期
2025-03-01 23:28:04,601 - INFO - 统计指标筛选完成，选出 5 个指标: ['MeanReturn', 'SharpeRatio', 'Skewness', 'Volatility', 'Kurtosis']
2025-03-01 23:28:04,651 - INFO - 应用市场状态: LowVolatilityCondition
2025-03-01 23:28:04,652 - INFO - 动态调整权重: {'MeanReturn': 1.5, 'Volatility': 1.0, 'SharpeRatio': 1.44, 'MaxDrawdown': 1.0, 'Skewness': 0.8, 'Kurtosis': 0.7, 'QuantileRange': 1.1700000000000002}
2025-03-01 23:28:04,662 - INFO - contract1 评估完成，得分: -0.3687
统计指标分析：
- MeanReturn: -0.0004, 权重: 1.5, 加权值: -0.0007
- SharpeRatio: -0.0438, 权重: 1.44, 加权值: -0.0631
- Skewness: -0.8012, 权重: 0.8, 加权值: -0.6410
- Volatility: 0.0100, 权重: 1.0, 加权值: -0.0100
- Kurtosis: 2.9868, 权重: 0.7, 加权值: -2.0908
综合得分: -0.3687
2025-03-01 23:28:04,671 - INFO - contract2 评估完成，得分: -0.2913
统计指标分析：
- MeanReturn: -0.0005, 权重: 1.5, 加权值: -0.0007
- SharpeRatio: -0.0436, 权重: 1.44, 加权值: -0.0628
- Skewness: -0.7525, 权重: 0.8, 加权值: -0.6020
- Volatility: 0.0104, 权重: 1.0, 加权值: -0.0104
- Kurtosis: 2.2013, 权重: 0.7, 加权值: -1.5409
综合得分: -0.2913
2025-03-01 23:28:04,685 - INFO - contract3 评估完成，得分: -0.3365
统计指标分析：
- MeanReturn: -0.0005, 权重: 1.5, 加权值: -0.0007
- SharpeRatio: -0.0469, 权重: 1.44, 加权值: -0.0675
- Skewness: -0.7480, 权重: 0.8, 加权值: -0.5984
- Volatility: 0.0097, 权重: 1.0, 加权值: -0.0097
- Kurtosis: 2.6924, 权重: 0.7, 加权值: -1.8847
综合得分: -0.3365
2025-03-01 23:28:04,689 - INFO - 统计评估完成，最强合约: contract2, 最弱合约: contract1
2025-03-01 23:28:04,714 - INFO - 交易建议生成: 做多 rb2505（得分: -0.2913），做空 rb2510（得分: -0.3687）
2025-03-01 23:28:04,715 - INFO - 处理第 2 组数据: ['rb2505.csv', 'rb2510.csv', 'hc2505.csv']
2025-03-01 23:28:04,753 - INFO - 数据加载完成，时间对齐至重叠期
2025-03-01 23:28:04,829 - INFO - 统计指标筛选完成，选出 5 个指标: ['MeanReturn', 'SharpeRatio', 'Skewness', 'Volatility', 'Kurtosis']
2025-03-01 23:28:04,882 - INFO - 应用市场状态: LowVolatilityCondition
2025-03-01 23:28:04,883 - INFO - 动态调整权重: {'MeanReturn': 1.5, 'Volatility': 1.0, 'SharpeRatio': 1.44, 'MaxDrawdown': 1.0, 'Skewness': 0.8, 'Kurtosis': 0.7, 'QuantileRange': 1.1700000000000002}
2025-03-01 23:28:04,889 - INFO - contract1 评估完成，得分: -0.2913
统计指标分析：
- MeanReturn: -0.0005, 权重: 1.5, 加权值: -0.0007
- SharpeRatio: -0.0436, 权重: 1.44, 加权值: -0.0628
- Skewness: -0.7525, 权重: 0.8, 加权值: -0.6020
- Volatility: 0.0104, 权重: 1.0, 加权值: -0.0104
- Kurtosis: 2.2013, 权重: 0.7, 加权值: -1.5409
综合得分: -0.2913
2025-03-01 23:28:04,903 - INFO - contract2 评估完成，得分: -0.3687
统计指标分析：
- MeanReturn: -0.0004, 权重: 1.5, 加权值: -0.0007
- SharpeRatio: -0.0438, 权重: 1.44, 加权值: -0.0631
- Skewness: -0.8012, 权重: 0.8, 加权值: -0.6410
- Volatility: 0.0100, 权重: 1.0, 加权值: -0.0100
- Kurtosis: 2.9868, 权重: 0.7, 加权值: -2.0908
综合得分: -0.3687
2025-03-01 23:28:04,917 - INFO - contract3 评估完成，得分: -0.3365
统计指标分析：
- MeanReturn: -0.0005, 权重: 1.5, 加权值: -0.0007
- SharpeRatio: -0.0469, 权重: 1.44, 加权值: -0.0675
- Skewness: -0.7480, 权重: 0.8, 加权值: -0.5984
- Volatility: 0.0097, 权重: 1.0, 加权值: -0.0097
- Kurtosis: 2.6924, 权重: 0.7, 加权值: -1.8847
综合得分: -0.3365
2025-03-01 23:28:04,919 - INFO - 统计评估完成，最强合约: contract1, 最弱合约: contract2
2025-03-01 23:28:04,947 - INFO - 交易建议生成: 做空 rb2510（得分: -0.3687），做多 rb2505（得分: -0.2913）
2025-03-01 23:28:04,948 - INFO - Stats 方法运行完成
2025-03-01 23:28:38,782 - INFO - 日志配置完成
2025-03-01 23:28:38,783 - INFO - 开始运行 Stats 方法
2025-03-01 23:28:38,784 - INFO - 处理第 1 组数据: ['rb2510.csv', 'rb2505.csv', 'hc2505.csv']
2025-03-01 23:28:38,837 - INFO - 数据加载完成，时间对齐至重叠期
2025-03-01 23:28:38,928 - INFO - 统计指标筛选完成，选出 5 个指标: ['MeanReturn', 'SharpeRatio', 'Skewness', 'Volatility', 'Kurtosis']
2025-03-01 23:32:24,141 - INFO - 日志配置完成
2025-03-01 23:32:24,142 - INFO - 开始运行 Stats 方法
2025-03-01 23:32:24,143 - INFO - 处理第 1 组数据: ['rb2510.csv', 'rb2505.csv', 'hc2505.csv']
2025-03-01 23:32:24,198 - INFO - 数据加载完成，时间对齐至重叠期
2025-03-01 23:32:24,308 - INFO - 统计指标筛选完成，选出 5 个指标: ['MeanReturn', 'SharpeRatio', 'Skewness', 'Volatility', 'Kurtosis']
2025-03-01 23:32:24,427 - INFO - 应用市场状态: LowVolatilityCondition
2025-03-01 23:32:24,428 - INFO - 动态调整权重: {'MeanReturn': 1.9647722316292098, 'SharpeRatio': 1.0680252549347529, 'Skewness': 0.0, 'Volatility': 0.0, 'Kurtosis': 1.5711147521983841}
2025-03-01 23:32:24,440 - INFO - contract1 评估完成，得分: -1.0296
统计指标分析：
- MeanReturn: -0.0004, 权重: 1.9647722316292098, 加权值: -0.0009
- SharpeRatio: -0.0438, 权重: 1.0680252549347529, 加权值: -0.0468
- Skewness: -0.8012, 权重: 0.0, 加权值: -0.0000
- Volatility: 0.0100, 权重: 0.0, 加权值: -0.0000
- Kurtosis: 2.9868, 权重: 1.5711147521983841, 加权值: -4.6926
综合得分: -1.0296
2025-03-01 23:32:24,458 - INFO - contract2 评估完成，得分: -0.7615
统计指标分析：
- MeanReturn: -0.0005, 权重: 1.9647722316292098, 加权值: -0.0009
- SharpeRatio: -0.0436, 权重: 1.0680252549347529, 加权值: -0.0466
- Skewness: -0.7525, 权重: 0.0, 加权值: -0.0000
- Volatility: 0.0104, 权重: 0.0, 加权值: -0.0000
- Kurtosis: 2.2013, 权重: 1.5711147521983841, 加权值: -3.4584
综合得分: -0.7615
2025-03-01 23:32:24,473 - INFO - contract3 评估完成，得分: -0.9299
统计指标分析：
- MeanReturn: -0.0005, 权重: 1.9647722316292098, 加权值: -0.0009
- SharpeRatio: -0.0469, 权重: 1.0680252549347529, 加权值: -0.0501
- Skewness: -0.7480, 权重: 0.0, 加权值: -0.0000
- Volatility: 0.0097, 权重: 0.0, 加权值: -0.0000
- Kurtosis: 2.6924, 权重: 1.5711147521983841, 加权值: -4.2301
综合得分: -0.9299
2025-03-01 23:32:24,476 - INFO - 统计评估完成，最强合约: contract2, 最弱合约: contract1
2025-03-01 23:32:24,502 - INFO - 交易建议生成: 做多 rb2505（得分: -0.7615），做空 rb2510（得分: -1.0296）
2025-03-01 23:32:24,503 - INFO - 处理第 2 组数据: ['rb2505.csv', 'rb2510.csv', 'hc2505.csv']
2025-03-01 23:32:24,547 - INFO - 数据加载完成，时间对齐至重叠期
2025-03-01 23:32:24,632 - INFO - 统计指标筛选完成，选出 5 个指标: ['MeanReturn', 'SharpeRatio', 'Skewness', 'Volatility', 'Kurtosis']
2025-03-01 23:32:24,724 - INFO - 应用市场状态: LowVolatilityCondition
2025-03-01 23:32:24,724 - INFO - 动态调整权重: {'MeanReturn': 1.9647722316292093, 'SharpeRatio': 1.0680252549347529, 'Skewness': 0.0, 'Volatility': 0.0, 'Kurtosis': 1.5711147521983837}
2025-03-01 23:32:24,736 - INFO - contract1 评估完成，得分: -0.7615
统计指标分析：
- MeanReturn: -0.0005, 权重: 1.9647722316292093, 加权值: -0.0009
- SharpeRatio: -0.0436, 权重: 1.0680252549347529, 加权值: -0.0466
- Skewness: -0.7525, 权重: 0.0, 加权值: -0.0000
- Volatility: 0.0104, 权重: 0.0, 加权值: -0.0000
- Kurtosis: 2.2013, 权重: 1.5711147521983837, 加权值: -3.4584
综合得分: -0.7615
2025-03-01 23:32:24,748 - INFO - contract2 评估完成，得分: -1.0296
统计指标分析：
- MeanReturn: -0.0004, 权重: 1.9647722316292093, 加权值: -0.0009
- SharpeRatio: -0.0438, 权重: 1.0680252549347529, 加权值: -0.0468
- Skewness: -0.8012, 权重: 0.0, 加权值: -0.0000
- Volatility: 0.0100, 权重: 0.0, 加权值: -0.0000
- Kurtosis: 2.9868, 权重: 1.5711147521983837, 加权值: -4.6926
综合得分: -1.0296
2025-03-01 23:32:24,763 - INFO - contract3 评估完成，得分: -0.9299
统计指标分析：
- MeanReturn: -0.0005, 权重: 1.9647722316292093, 加权值: -0.0009
- SharpeRatio: -0.0469, 权重: 1.0680252549347529, 加权值: -0.0501
- Skewness: -0.7480, 权重: 0.0, 加权值: -0.0000
- Volatility: 0.0097, 权重: 0.0, 加权值: -0.0000
- Kurtosis: 2.6924, 权重: 1.5711147521983837, 加权值: -4.2301
综合得分: -0.9299
2025-03-01 23:32:24,766 - INFO - 统计评估完成，最强合约: contract1, 最弱合约: contract2
2025-03-01 23:32:24,800 - INFO - 交易建议生成: 做空 rb2510（得分: -1.0296），做多 rb2505（得分: -0.7615）
2025-03-01 23:32:24,803 - INFO - Stats 方法运行完成
2025-03-01 23:35:08,032 - INFO - 日志配置完成
2025-03-01 23:35:08,034 - INFO - 开始运行 Stats 方法
2025-03-01 23:35:08,035 - INFO - 处理第 1 组数据: ['rb2510.csv', 'rb2505.csv', 'hc2505.csv']
2025-03-01 23:35:08,082 - INFO - 数据加载完成，时间对齐至重叠期
2025-03-01 23:35:08,096 - INFO - 统计指标筛选完成，选出 3 个指标: ['MeanReturn', 'Volatility', 'SharpeRatio']
2025-03-01 23:35:08,169 - INFO - 应用市场状态: LowVolatilityCondition
2025-03-01 23:35:08,169 - INFO - 动态调整权重: {'MeanReturn': 1.9647722316292098, 'Volatility': 0.0, 'SharpeRatio': 1.0680252549347529}
2025-03-01 23:35:08,174 - INFO - contract1 评估完成，得分: -0.0157
统计指标分析：
- MeanReturn: -0.0004, 权重: 1.9647722316292098, 加权值: -0.0009
- Volatility: 0.0100, 权重: 0.0, 加权值: -0.0000
- SharpeRatio: -0.0438, 权重: 1.0680252549347529, 加权值: -0.0468
综合得分: -0.0157
2025-03-01 23:35:08,188 - INFO - contract2 评估完成，得分: -0.0157
统计指标分析：
- MeanReturn: -0.0005, 权重: 1.9647722316292098, 加权值: -0.0009
- Volatility: 0.0104, 权重: 0.0, 加权值: -0.0000
- SharpeRatio: -0.0436, 权重: 1.0680252549347529, 加权值: -0.0466
综合得分: -0.0157
2025-03-01 23:35:08,199 - INFO - contract3 评估完成，得分: -0.0168
统计指标分析：
- MeanReturn: -0.0005, 权重: 1.9647722316292098, 加权值: -0.0009
- Volatility: 0.0097, 权重: 0.0, 加权值: -0.0000
- SharpeRatio: -0.0469, 权重: 1.0680252549347529, 加权值: -0.0501
综合得分: -0.0168
2025-03-01 23:35:08,203 - INFO - 统计评估完成，最强合约: contract2, 最弱合约: contract3
2025-03-01 23:35:08,233 - INFO - 交易建议生成: 做多 rb2505（得分: -0.0157），做空 hc2505（得分: -0.0168）
2025-03-01 23:35:08,235 - INFO - 处理第 2 组数据: ['rb2505.csv', 'rb2510.csv', 'hc2505.csv']
2025-03-01 23:35:08,300 - INFO - 数据加载完成，时间对齐至重叠期
2025-03-01 23:35:08,313 - INFO - 统计指标筛选完成，选出 3 个指标: ['MeanReturn', 'Volatility', 'SharpeRatio']
2025-03-01 23:35:08,423 - INFO - 应用市场状态: LowVolatilityCondition
2025-03-01 23:35:08,425 - INFO - 动态调整权重: {'MeanReturn': 1.9647722316292093, 'Volatility': 0.0, 'SharpeRatio': 1.0680252549347529}
2025-03-01 23:35:08,432 - INFO - contract1 评估完成，得分: -0.0157
统计指标分析：
- MeanReturn: -0.0005, 权重: 1.9647722316292093, 加权值: -0.0009
- Volatility: 0.0104, 权重: 0.0, 加权值: -0.0000
- SharpeRatio: -0.0436, 权重: 1.0680252549347529, 加权值: -0.0466
综合得分: -0.0157
2025-03-01 23:35:08,446 - INFO - contract2 评估完成，得分: -0.0157
统计指标分析：
- MeanReturn: -0.0004, 权重: 1.9647722316292093, 加权值: -0.0009
- Volatility: 0.0100, 权重: 0.0, 加权值: -0.0000
- SharpeRatio: -0.0438, 权重: 1.0680252549347529, 加权值: -0.0468
综合得分: -0.0157
2025-03-01 23:35:08,460 - INFO - contract3 评估完成，得分: -0.0168
统计指标分析：
- MeanReturn: -0.0005, 权重: 1.9647722316292093, 加权值: -0.0009
- Volatility: 0.0097, 权重: 0.0, 加权值: -0.0000
- SharpeRatio: -0.0469, 权重: 1.0680252549347529, 加权值: -0.0501
综合得分: -0.0168
2025-03-01 23:35:08,462 - INFO - 统计评估完成，最强合约: contract1, 最弱合约: contract3
2025-03-01 23:35:08,505 - INFO - 交易建议生成: 做空 hc2505（得分: -0.0168），做多 rb2505（得分: -0.0157）
2025-03-01 23:35:08,506 - INFO - Stats 方法运行完成
2025-03-03 15:59:26,529 - INFO - 日志配置完成
2025-03-03 15:59:26,543 - INFO - 开始运行 Stats 方法
2025-03-03 15:59:26,544 - INFO - 处理第 1 组数据: ['rb2510.csv', 'rb2505.csv', 'hc2505.csv']
2025-03-03 15:59:26,686 - INFO - 数据加载完成，时间对齐至重叠期
2025-03-03 15:59:26,713 - INFO - 统计指标筛选完成，选出 3 个指标: ['MeanReturn', 'Volatility', 'SharpeRatio']
2025-03-03 15:59:26,897 - INFO - 应用市场状态: LowVolatilityCondition
2025-03-03 15:59:26,899 - INFO - 动态调整权重: {'MeanReturn': 1.9647722316292098, 'Volatility': 0.0, 'SharpeRatio': 1.0680252549347529}
2025-03-03 15:59:26,915 - INFO - contract1 评估完成，得分: -0.0157
统计指标分析：
- MeanReturn: -0.0004, 权重: 1.9647722316292098, 加权值: -0.0009
- Volatility: 0.0100, 权重: 0.0, 加权值: -0.0000
- SharpeRatio: -0.0438, 权重: 1.0680252549347529, 加权值: -0.0468
综合得分: -0.0157
2025-03-03 15:59:26,929 - INFO - contract2 评估完成，得分: -0.0157
统计指标分析：
- MeanReturn: -0.0005, 权重: 1.9647722316292098, 加权值: -0.0009
- Volatility: 0.0104, 权重: 0.0, 加权值: -0.0000
- SharpeRatio: -0.0436, 权重: 1.0680252549347529, 加权值: -0.0466
综合得分: -0.0157
2025-03-03 15:59:26,961 - INFO - contract3 评估完成，得分: -0.0168
统计指标分析：
- MeanReturn: -0.0005, 权重: 1.9647722316292098, 加权值: -0.0009
- Volatility: 0.0097, 权重: 0.0, 加权值: -0.0000
- SharpeRatio: -0.0469, 权重: 1.0680252549347529, 加权值: -0.0501
综合得分: -0.0168
2025-03-03 15:59:26,964 - INFO - 统计评估完成，最强合约: contract2, 最弱合约: contract3
2025-03-03 15:59:27,137 - INFO - 交易建议生成: 做多 rb2505（得分: -0.0157），做空 hc2505（得分: -0.0168）
2025-03-03 15:59:27,146 - INFO - 处理第 2 组数据: ['rb2505.csv', 'rb2510.csv', 'hc2505.csv']
2025-03-03 15:59:27,228 - INFO - 数据加载完成，时间对齐至重叠期
2025-03-03 15:59:27,267 - INFO - 统计指标筛选完成，选出 3 个指标: ['MeanReturn', 'Volatility', 'SharpeRatio']
2025-03-03 15:59:27,587 - INFO - 应用市场状态: LowVolatilityCondition
2025-03-03 15:59:27,612 - INFO - 动态调整权重: {'MeanReturn': 1.9647722316292093, 'Volatility': 0.0, 'SharpeRatio': 1.0680252549347529}
2025-03-03 15:59:27,678 - INFO - contract1 评估完成，得分: -0.0157
统计指标分析：
- MeanReturn: -0.0005, 权重: 1.9647722316292093, 加权值: -0.0009
- Volatility: 0.0104, 权重: 0.0, 加权值: -0.0000
- SharpeRatio: -0.0436, 权重: 1.0680252549347529, 加权值: -0.0466
综合得分: -0.0157
2025-03-03 15:59:27,706 - INFO - contract2 评估完成，得分: -0.0157
统计指标分析：
- MeanReturn: -0.0004, 权重: 1.9647722316292093, 加权值: -0.0009
- Volatility: 0.0100, 权重: 0.0, 加权值: -0.0000
- SharpeRatio: -0.0438, 权重: 1.0680252549347529, 加权值: -0.0468
综合得分: -0.0157
2025-03-03 15:59:27,763 - INFO - contract3 评估完成，得分: -0.0168
统计指标分析：
- MeanReturn: -0.0005, 权重: 1.9647722316292093, 加权值: -0.0009
- Volatility: 0.0097, 权重: 0.0, 加权值: -0.0000
- SharpeRatio: -0.0469, 权重: 1.0680252549347529, 加权值: -0.0501
综合得分: -0.0168
2025-03-03 15:59:27,766 - INFO - 统计评估完成，最强合约: contract1, 最弱合约: contract3
2025-03-03 15:59:27,883 - INFO - 交易建议生成: 做空 hc2505（得分: -0.0168），做多 rb2505（得分: -0.0157）
2025-03-03 15:59:27,895 - INFO - Stats 方法运行完成
